#
# There is insufficient memory for the Java Runtime Environment to continue.
# Native memory allocation (malloc) failed to allocate 37056 bytes for Chunk::new
# Possible reasons:
#   The system is out of physical RAM or swap space
#   The process is running with CompressedOops enabled, and the Java Heap may be blocking the growth of the native heap
# Possible solutions:
#   Reduce memory load on the system
#   Increase physical memory or swap space
#   Check if swap backing store is full
#   Decrease Java heap size (-Xmx/-Xms)
#   Decrease number of Java threads
#   Decrease Java thread stack sizes (-Xss)
#   Set larger code cache with -XX:ReservedCodeCacheSize=
#   JVM is running with Unscaled Compressed Oops mode in which the Java heap is
#     placed in the first 4GB address space. The Java Heap base address is the
#     maximum limit for the native heap growth. Please use -XX:HeapBaseMinAddress
#     to set the Java Heap base and to place the Java Heap above 4GB virtual address.
# This output file may be truncated or incomplete.
#
#  Out of Memory Error (arena.cpp:184), pid=13552, tid=10404
#
# JRE version: Java(TM) SE Runtime Environment (18.0.2.1+1) (build 18.0.2.1+1-1)
# Java VM: Java HotSpot(TM) 64-Bit Server VM (18.0.2.1+1-1, mixed mode, sharing, tiered, compressed oops, compressed class ptrs, g1 gc, windows-amd64)
# No core dump will be written. Minidumps are not enabled by default on client versions of Windows
#

---------------  S U M M A R Y ------------

Command Line: -ea -Didea.test.cyclic.buffer.size=1048576 -javaagent:C:\Program Files\JetBrains\IntelliJ IDEA Community Edition 2022.3.3\lib\idea_rt.jar=60355:C:\Program Files\JetBrains\IntelliJ IDEA Community Edition 2022.3.3\bin -Dfile.encoding=UTF-8 -Dsun.stdout.encoding=UTF-8 -Dsun.stderr.encoding=UTF-8 com.intellij.rt.junit.JUnitStarter -ideVersion5 -junit5 com.example.AppEcommerce.AppEcommerceApplicationTests

Host: Intel(R) Core(TM) i7-7500U CPU @ 2.70GHz, 4 cores, 7G,  Windows 10 , 64 bit Build 18362 (10.0.18362.1500)
Time: Sat Apr  1 15:58:50 2023 Afr. centrale Ouest elapsed time: 0.527063 seconds (0d 0h 0m 0s)

---------------  T H R E A D  ---------------

Current thread (0x00000201289b2290):  JavaThread "C2 CompilerThread0" daemon [_thread_in_native, id=10404, stack(0x000000d9cc000000,0x000000d9cc100000)]


Current CompileTask:
C2:    527  455 %     4       java.lang.StringCoding::hasNegatives @ 2 (25 bytes)

Stack: [0x000000d9cc000000,0x000000d9cc100000]
Native frames: (J=compiled Java code, j=interpreted, Vv=VM code, C=native code)
V  [jvm.dll+0x6993aa]
V  [jvm.dll+0x7f46dd]
V  [jvm.dll+0x7f5fee]
V  [jvm.dll+0x7f66a3]
V  [jvm.dll+0x25cf1f]
V  [jvm.dll+0xb8c2f]
V  [jvm.dll+0xb8fa5]
V  [jvm.dll+0x2c7e2f]
V  [jvm.dll+0x5a0d8e]
V  [jvm.dll+0x2388de]
V  [jvm.dll+0x231ea5]
V  [jvm.dll+0x22f3cb]
V  [jvm.dll+0x1ba01c]
V  [jvm.dll+0x23ee0a]
V  [jvm.dll+0x23d0f5]
V  [jvm.dll+0x7a6dd1]
V  [jvm.dll+0x7a120a]
V  [jvm.dll+0x698255]
C  [ucrtbase.dll+0x210b2]
C  [KERNEL32.DLL+0x17c24]
C  [ntdll.dll+0x6d721]


---------------  P R O C E S S  ---------------

Threads class SMR info:
_java_thread_list=0x000002012cdc98c0, length=13, elements={
0x000002012898f1e0, 0x00000201289904f0, 0x00000201289ab860, 0x00000201289ac110,
0x00000201289ac9c0, 0x00000201289ada10, 0x00000201289b2290, 0x00000201289b3320,
0x00000201289c9ad0, 0x0000020128979640, 0x000002012cd93d60, 0x000002012cd48900,
0x000002010b0c47d0
}

Java Threads: ( => current thread )
  0x000002012898f1e0 JavaThread "Reference Handler" daemon [_thread_blocked, id=2932, stack(0x000000d9cba00000,0x000000d9cbb00000)]
  0x00000201289904f0 JavaThread "Finalizer" daemon [_thread_blocked, id=14432, stack(0x000000d9cbb00000,0x000000d9cbc00000)]
  0x00000201289ab860 JavaThread "Signal Dispatcher" daemon [_thread_blocked, id=2536, stack(0x000000d9cbc00000,0x000000d9cbd00000)]
  0x00000201289ac110 JavaThread "Attach Listener" daemon [_thread_blocked, id=3092, stack(0x000000d9cbd00000,0x000000d9cbe00000)]
  0x00000201289ac9c0 JavaThread "Service Thread" daemon [_thread_blocked, id=12588, stack(0x000000d9cbe00000,0x000000d9cbf00000)]
  0x00000201289ada10 JavaThread "Monitor Deflation Thread" daemon [_thread_blocked, id=3676, stack(0x000000d9cbf00000,0x000000d9cc000000)]
=>0x00000201289b2290 JavaThread "C2 CompilerThread0" daemon [_thread_in_native, id=10404, stack(0x000000d9cc000000,0x000000d9cc100000)]
  0x00000201289b3320 JavaThread "C1 CompilerThread0" daemon [_thread_blocked, id=9888, stack(0x000000d9cc100000,0x000000d9cc200000)]
  0x00000201289c9ad0 JavaThread "Sweeper thread" daemon [_thread_blocked, id=14756, stack(0x000000d9cc200000,0x000000d9cc300000)]
  0x0000020128979640 JavaThread "Common-Cleaner" daemon [_thread_blocked, id=9228, stack(0x000000d9cc300000,0x000000d9cc400000)]
  0x000002012cd93d60 JavaThread "Monitor Ctrl-Break" daemon [_thread_in_native, id=14052, stack(0x000000d9cc400000,0x000000d9cc500000)]
  0x000002012cd48900 JavaThread "Notification Thread" daemon [_thread_blocked, id=9740, stack(0x000000d9cc500000,0x000000d9cc600000)]
  0x000002010b0c47d0 JavaThread "DestroyJavaVM" [_thread_blocked, id=7080, stack(0x000000d9cb300000,0x000000d9cb400000)]

Other Threads:
  0x000002012898bb30 VMThread "VM Thread" [stack: 0x000000d9cb900000,0x000000d9cba00000] [id=14904]
  0x000002012cd4a4d0 WatcherThread "VM Periodic Task Thread" [stack: 0x000000d9cc600000,0x000000d9cc700000] [id=6080]
  0x000002010b1233e0 WorkerThread "GC Thread#0" [stack: 0x000000d9cb400000,0x000000d9cb500000] [id=14804]
  0x000002010b134ec0 ConcurrentGCThread "G1 Main Marker" [stack: 0x000000d9cb500000,0x000000d9cb600000] [id=11504]
  0x000002010b136f70 WorkerThread "G1 Conc#0" [stack: 0x000000d9cb600000,0x000000d9cb700000] [id=9324]
  0x000002010b16e300 ConcurrentGCThread "G1 Refine#0" [stack: 0x000000d9cb700000,0x000000d9cb800000] [id=11272]
  0x000002010b16eb20 ConcurrentGCThread "G1 Service" [stack: 0x000000d9cb800000,0x000000d9cb900000] [id=13048]

Threads with active compile tasks:
C2 CompilerThread0      562  455 %     4       java.lang.StringCoding::hasNegatives @ 2 (25 bytes)

VM state: not at safepoint (normal execution)

VM Mutex/Monitor currently owned by a thread: None

OutOfMemory and StackOverflow Exception counts:
OutOfMemoryError java_heap_errors=4
LinkageErrors=7

Heap address: 0x0000000081c00000, size: 2020 MB, Compressed Oops mode: 32-bit

CDS archive(s) mapped at: [0x0000000800000000-0x0000000800ba0000-0x0000000800ba0000), size 12189696, SharedBaseAddress: 0x0000000800000000, ArchiveRelocationMode: 0.
Compressed class space mapped at: 0x0000000800c00000-0x0000000840c00000, reserved size: 1073741824
Narrow klass base: 0x0000000800000000, Narrow klass shift: 0, Narrow klass range: 0x100000000

GC Precious Log:
 CardTable entry size: 512
 Card Set container configuration: InlinePtr #cards 5 size 8 Array Of Cards #cards 12 size 40 Howl #buckets 4 coarsen threshold 1843 Howl Bitmap #cards 512 size 80 coarsen threshold 460 Card regions per heap region 1 cards per card region 2048
 CPUs: 4 total, 4 available
 Memory: 8072M
 Large Page Support: Disabled
 NUMA Support: Disabled
 Compressed Oops: Enabled (32-bit)
 Heap Region Size: 1M
 Heap Min Capacity: 8M
 Heap Initial Capacity: 128M
 Heap Max Capacity: 2020M
 Pre-touch: Disabled
 Parallel Workers: 4
 Concurrent Workers: 1
 Concurrent Refinement Workers: 4
 Periodic GC: Disabled

Heap:
 garbage-first heap   total 131072K, used 6144K [0x0000000081c00000, 0x0000000100000000)
  region size 1024K, 8 young (8192K), 0 survivors (0K)
 Metaspace       used 1464K, committed 1600K, reserved 1114112K
  class space    used 119K, committed 192K, reserved 1048576K

Heap Regions: E=young(eden), S=young(survivor), O=old, HS=humongous(starts), HC=humongous(continues), CS=collection set, F=free, OA=open archive, CA=closed archive, TAMS=top-at-mark-start (previous, next)
|   0|0x0000000081c00000, 0x0000000081c00000, 0x0000000081d00000|  0%| F|  |TAMS 0x0000000081c00000, 0x0000000081c00000| Untracked 
|   1|0x0000000081d00000, 0x0000000081d00000, 0x0000000081e00000|  0%| F|  |TAMS 0x0000000081d00000, 0x0000000081d00000| Untracked 
|   2|0x0000000081e00000, 0x0000000081e00000, 0x0000000081f00000|  0%| F|  |TAMS 0x0000000081e00000, 0x0000000081e00000| Untracked 
|   3|0x0000000081f00000, 0x0000000081f00000, 0x0000000082000000|  0%| F|  |TAMS 0x0000000081f00000, 0x0000000081f00000| Untracked 
|   4|0x0000000082000000, 0x0000000082000000, 0x0000000082100000|  0%| F|  |TAMS 0x0000000082000000, 0x0000000082000000| Untracked 
|   5|0x0000000082100000, 0x0000000082100000, 0x0000000082200000|  0%| F|  |TAMS 0x0000000082100000, 0x0000000082100000| Untracked 
|   6|0x0000000082200000, 0x0000000082200000, 0x0000000082300000|  0%| F|  |TAMS 0x0000000082200000, 0x0000000082200000| Untracked 
|   7|0x0000000082300000, 0x0000000082300000, 0x0000000082400000|  0%| F|  |TAMS 0x0000000082300000, 0x0000000082300000| Untracked 
|   8|0x0000000082400000, 0x0000000082400000, 0x0000000082500000|  0%| F|  |TAMS 0x0000000082400000, 0x0000000082400000| Untracked 
|   9|0x0000000082500000, 0x0000000082500000, 0x0000000082600000|  0%| F|  |TAMS 0x0000000082500000, 0x0000000082500000| Untracked 
|  10|0x0000000082600000, 0x0000000082600000, 0x0000000082700000|  0%| F|  |TAMS 0x0000000082600000, 0x0000000082600000| Untracked 
|  11|0x0000000082700000, 0x0000000082700000, 0x0000000082800000|  0%| F|  |TAMS 0x0000000082700000, 0x0000000082700000| Untracked 
|  12|0x0000000082800000, 0x0000000082800000, 0x0000000082900000|  0%| F|  |TAMS 0x0000000082800000, 0x0000000082800000| Untracked 
|  13|0x0000000082900000, 0x0000000082900000, 0x0000000082a00000|  0%| F|  |TAMS 0x0000000082900000, 0x0000000082900000| Untracked 
|  14|0x0000000082a00000, 0x0000000082a00000, 0x0000000082b00000|  0%| F|  |TAMS 0x0000000082a00000, 0x0000000082a00000| Untracked 
|  15|0x0000000082b00000, 0x0000000082b00000, 0x0000000082c00000|  0%| F|  |TAMS 0x0000000082b00000, 0x0000000082b00000| Untracked 
|  16|0x0000000082c00000, 0x0000000082c00000, 0x0000000082d00000|  0%| F|  |TAMS 0x0000000082c00000, 0x0000000082c00000| Untracked 
|  17|0x0000000082d00000, 0x0000000082d00000, 0x0000000082e00000|  0%| F|  |TAMS 0x0000000082d00000, 0x0000000082d00000| Untracked 
|  18|0x0000000082e00000, 0x0000000082e00000, 0x0000000082f00000|  0%| F|  |TAMS 0x0000000082e00000, 0x0000000082e00000| Untracked 
|  19|0x0000000082f00000, 0x0000000082f00000, 0x0000000083000000|  0%| F|  |TAMS 0x0000000082f00000, 0x0000000082f00000| Untracked 
|  20|0x0000000083000000, 0x0000000083000000, 0x0000000083100000|  0%| F|  |TAMS 0x0000000083000000, 0x0000000083000000| Untracked 
|  21|0x0000000083100000, 0x0000000083100000, 0x0000000083200000|  0%| F|  |TAMS 0x0000000083100000, 0x0000000083100000| Untracked 
|  22|0x0000000083200000, 0x0000000083200000, 0x0000000083300000|  0%| F|  |TAMS 0x0000000083200000, 0x0000000083200000| Untracked 
|  23|0x0000000083300000, 0x0000000083300000, 0x0000000083400000|  0%| F|  |TAMS 0x0000000083300000, 0x0000000083300000| Untracked 
|  24|0x0000000083400000, 0x0000000083400000, 0x0000000083500000|  0%| F|  |TAMS 0x0000000083400000, 0x0000000083400000| Untracked 
|  25|0x0000000083500000, 0x0000000083500000, 0x0000000083600000|  0%| F|  |TAMS 0x0000000083500000, 0x0000000083500000| Untracked 
|  26|0x0000000083600000, 0x0000000083600000, 0x0000000083700000|  0%| F|  |TAMS 0x0000000083600000, 0x0000000083600000| Untracked 
|  27|0x0000000083700000, 0x0000000083700000, 0x0000000083800000|  0%| F|  |TAMS 0x0000000083700000, 0x0000000083700000| Untracked 
|  28|0x0000000083800000, 0x0000000083800000, 0x0000000083900000|  0%| F|  |TAMS 0x0000000083800000, 0x0000000083800000| Untracked 
|  29|0x0000000083900000, 0x0000000083900000, 0x0000000083a00000|  0%| F|  |TAMS 0x0000000083900000, 0x0000000083900000| Untracked 
|  30|0x0000000083a00000, 0x0000000083a00000, 0x0000000083b00000|  0%| F|  |TAMS 0x0000000083a00000, 0x0000000083a00000| Untracked 
|  31|0x0000000083b00000, 0x0000000083b00000, 0x0000000083c00000|  0%| F|  |TAMS 0x0000000083b00000, 0x0000000083b00000| Untracked 
|  32|0x0000000083c00000, 0x0000000083c00000, 0x0000000083d00000|  0%| F|  |TAMS 0x0000000083c00000, 0x0000000083c00000| Untracked 
|  33|0x0000000083d00000, 0x0000000083d00000, 0x0000000083e00000|  0%| F|  |TAMS 0x0000000083d00000, 0x0000000083d00000| Untracked 
|  34|0x0000000083e00000, 0x0000000083e00000, 0x0000000083f00000|  0%| F|  |TAMS 0x0000000083e00000, 0x0000000083e00000| Untracked 
|  35|0x0000000083f00000, 0x0000000083f00000, 0x0000000084000000|  0%| F|  |TAMS 0x0000000083f00000, 0x0000000083f00000| Untracked 
|  36|0x0000000084000000, 0x0000000084000000, 0x0000000084100000|  0%| F|  |TAMS 0x0000000084000000, 0x0000000084000000| Untracked 
|  37|0x0000000084100000, 0x0000000084100000, 0x0000000084200000|  0%| F|  |TAMS 0x0000000084100000, 0x0000000084100000| Untracked 
|  38|0x0000000084200000, 0x0000000084200000, 0x0000000084300000|  0%| F|  |TAMS 0x0000000084200000, 0x0000000084200000| Untracked 
|  39|0x0000000084300000, 0x0000000084300000, 0x0000000084400000|  0%| F|  |TAMS 0x0000000084300000, 0x0000000084300000| Untracked 
|  40|0x0000000084400000, 0x0000000084400000, 0x0000000084500000|  0%| F|  |TAMS 0x0000000084400000, 0x0000000084400000| Untracked 
|  41|0x0000000084500000, 0x0000000084500000, 0x0000000084600000|  0%| F|  |TAMS 0x0000000084500000, 0x0000000084500000| Untracked 
|  42|0x0000000084600000, 0x0000000084600000, 0x0000000084700000|  0%| F|  |TAMS 0x0000000084600000, 0x0000000084600000| Untracked 
|  43|0x0000000084700000, 0x0000000084700000, 0x0000000084800000|  0%| F|  |TAMS 0x0000000084700000, 0x0000000084700000| Untracked 
|  44|0x0000000084800000, 0x0000000084800000, 0x0000000084900000|  0%| F|  |TAMS 0x0000000084800000, 0x0000000084800000| Untracked 
|  45|0x0000000084900000, 0x0000000084900000, 0x0000000084a00000|  0%| F|  |TAMS 0x0000000084900000, 0x0000000084900000| Untracked 
|  46|0x0000000084a00000, 0x0000000084a00000, 0x0000000084b00000|  0%| F|  |TAMS 0x0000000084a00000, 0x0000000084a00000| Untracked 
|  47|0x0000000084b00000, 0x0000000084b00000, 0x0000000084c00000|  0%| F|  |TAMS 0x0000000084b00000, 0x0000000084b00000| Untracked 
|  48|0x0000000084c00000, 0x0000000084c00000, 0x0000000084d00000|  0%| F|  |TAMS 0x0000000084c00000, 0x0000000084c00000| Untracked 
|  49|0x0000000084d00000, 0x0000000084d00000, 0x0000000084e00000|  0%| F|  |TAMS 0x0000000084d00000, 0x0000000084d00000| Untracked 
|  50|0x0000000084e00000, 0x0000000084e00000, 0x0000000084f00000|  0%| F|  |TAMS 0x0000000084e00000, 0x0000000084e00000| Untracked 
|  51|0x0000000084f00000, 0x0000000084f00000, 0x0000000085000000|  0%| F|  |TAMS 0x0000000084f00000, 0x0000000084f00000| Untracked 
|  52|0x0000000085000000, 0x0000000085000000, 0x0000000085100000|  0%| F|  |TAMS 0x0000000085000000, 0x0000000085000000| Untracked 
|  53|0x0000000085100000, 0x0000000085100000, 0x0000000085200000|  0%| F|  |TAMS 0x0000000085100000, 0x0000000085100000| Untracked 
|  54|0x0000000085200000, 0x0000000085200000, 0x0000000085300000|  0%| F|  |TAMS 0x0000000085200000, 0x0000000085200000| Untracked 
|  55|0x0000000085300000, 0x0000000085300000, 0x0000000085400000|  0%| F|  |TAMS 0x0000000085300000, 0x0000000085300000| Untracked 
|  56|0x0000000085400000, 0x0000000085400000, 0x0000000085500000|  0%| F|  |TAMS 0x0000000085400000, 0x0000000085400000| Untracked 
|  57|0x0000000085500000, 0x0000000085500000, 0x0000000085600000|  0%| F|  |TAMS 0x0000000085500000, 0x0000000085500000| Untracked 
|  58|0x0000000085600000, 0x0000000085600000, 0x0000000085700000|  0%| F|  |TAMS 0x0000000085600000, 0x0000000085600000| Untracked 
|  59|0x0000000085700000, 0x0000000085700000, 0x0000000085800000|  0%| F|  |TAMS 0x0000000085700000, 0x0000000085700000| Untracked 
|  60|0x0000000085800000, 0x0000000085800000, 0x0000000085900000|  0%| F|  |TAMS 0x0000000085800000, 0x0000000085800000| Untracked 
|  61|0x0000000085900000, 0x0000000085900000, 0x0000000085a00000|  0%| F|  |TAMS 0x0000000085900000, 0x0000000085900000| Untracked 
|  62|0x0000000085a00000, 0x0000000085a00000, 0x0000000085b00000|  0%| F|  |TAMS 0x0000000085a00000, 0x0000000085a00000| Untracked 
|  63|0x0000000085b00000, 0x0000000085b00000, 0x0000000085c00000|  0%| F|  |TAMS 0x0000000085b00000, 0x0000000085b00000| Untracked 
|  64|0x0000000085c00000, 0x0000000085c00000, 0x0000000085d00000|  0%| F|  |TAMS 0x0000000085c00000, 0x0000000085c00000| Untracked 
|  65|0x0000000085d00000, 0x0000000085d00000, 0x0000000085e00000|  0%| F|  |TAMS 0x0000000085d00000, 0x0000000085d00000| Untracked 
|  66|0x0000000085e00000, 0x0000000085e00000, 0x0000000085f00000|  0%| F|  |TAMS 0x0000000085e00000, 0x0000000085e00000| Untracked 
|  67|0x0000000085f00000, 0x0000000085f00000, 0x0000000086000000|  0%| F|  |TAMS 0x0000000085f00000, 0x0000000085f00000| Untracked 
|  68|0x0000000086000000, 0x0000000086000000, 0x0000000086100000|  0%| F|  |TAMS 0x0000000086000000, 0x0000000086000000| Untracked 
|  69|0x0000000086100000, 0x0000000086100000, 0x0000000086200000|  0%| F|  |TAMS 0x0000000086100000, 0x0000000086100000| Untracked 
|  70|0x0000000086200000, 0x0000000086200000, 0x0000000086300000|  0%| F|  |TAMS 0x0000000086200000, 0x0000000086200000| Untracked 
|  71|0x0000000086300000, 0x0000000086300000, 0x0000000086400000|  0%| F|  |TAMS 0x0000000086300000, 0x0000000086300000| Untracked 
|  72|0x0000000086400000, 0x0000000086400000, 0x0000000086500000|  0%| F|  |TAMS 0x0000000086400000, 0x0000000086400000| Untracked 
|  73|0x0000000086500000, 0x0000000086500000, 0x0000000086600000|  0%| F|  |TAMS 0x0000000086500000, 0x0000000086500000| Untracked 
|  74|0x0000000086600000, 0x0000000086600000, 0x0000000086700000|  0%| F|  |TAMS 0x0000000086600000, 0x0000000086600000| Untracked 
|  75|0x0000000086700000, 0x0000000086700000, 0x0000000086800000|  0%| F|  |TAMS 0x0000000086700000, 0x0000000086700000| Untracked 
|  76|0x0000000086800000, 0x0000000086800000, 0x0000000086900000|  0%| F|  |TAMS 0x0000000086800000, 0x0000000086800000| Untracked 
|  77|0x0000000086900000, 0x0000000086900000, 0x0000000086a00000|  0%| F|  |TAMS 0x0000000086900000, 0x0000000086900000| Untracked 
|  78|0x0000000086a00000, 0x0000000086a00000, 0x0000000086b00000|  0%| F|  |TAMS 0x0000000086a00000, 0x0000000086a00000| Untracked 
|  79|0x0000000086b00000, 0x0000000086b00000, 0x0000000086c00000|  0%| F|  |TAMS 0x0000000086b00000, 0x0000000086b00000| Untracked 
|  80|0x0000000086c00000, 0x0000000086c00000, 0x0000000086d00000|  0%| F|  |TAMS 0x0000000086c00000, 0x0000000086c00000| Untracked 
|  81|0x0000000086d00000, 0x0000000086d00000, 0x0000000086e00000|  0%| F|  |TAMS 0x0000000086d00000, 0x0000000086d00000| Untracked 
|  82|0x0000000086e00000, 0x0000000086e00000, 0x0000000086f00000|  0%| F|  |TAMS 0x0000000086e00000, 0x0000000086e00000| Untracked 
|  83|0x0000000086f00000, 0x0000000086f00000, 0x0000000087000000|  0%| F|  |TAMS 0x0000000086f00000, 0x0000000086f00000| Untracked 
|  84|0x0000000087000000, 0x0000000087000000, 0x0000000087100000|  0%| F|  |TAMS 0x0000000087000000, 0x0000000087000000| Untracked 
|  85|0x0000000087100000, 0x0000000087100000, 0x0000000087200000|  0%| F|  |TAMS 0x0000000087100000, 0x0000000087100000| Untracked 
|  86|0x0000000087200000, 0x0000000087200000, 0x0000000087300000|  0%| F|  |TAMS 0x0000000087200000, 0x0000000087200000| Untracked 
|  87|0x0000000087300000, 0x0000000087300000, 0x0000000087400000|  0%| F|  |TAMS 0x0000000087300000, 0x0000000087300000| Untracked 
|  88|0x0000000087400000, 0x0000000087400000, 0x0000000087500000|  0%| F|  |TAMS 0x0000000087400000, 0x0000000087400000| Untracked 
|  89|0x0000000087500000, 0x0000000087500000, 0x0000000087600000|  0%| F|  |TAMS 0x0000000087500000, 0x0000000087500000| Untracked 
|  90|0x0000000087600000, 0x0000000087600000, 0x0000000087700000|  0%| F|  |TAMS 0x0000000087600000, 0x0000000087600000| Untracked 
|  91|0x0000000087700000, 0x0000000087700000, 0x0000000087800000|  0%| F|  |TAMS 0x0000000087700000, 0x0000000087700000| Untracked 
|  92|0x0000000087800000, 0x0000000087800000, 0x0000000087900000|  0%| F|  |TAMS 0x0000000087800000, 0x0000000087800000| Untracked 
|  93|0x0000000087900000, 0x0000000087900000, 0x0000000087a00000|  0%| F|  |TAMS 0x0000000087900000, 0x0000000087900000| Untracked 
|  94|0x0000000087a00000, 0x0000000087a00000, 0x0000000087b00000|  0%| F|  |TAMS 0x0000000087a00000, 0x0000000087a00000| Untracked 
|  95|0x0000000087b00000, 0x0000000087b00000, 0x0000000087c00000|  0%| F|  |TAMS 0x0000000087b00000, 0x0000000087b00000| Untracked 
|  96|0x0000000087c00000, 0x0000000087c00000, 0x0000000087d00000|  0%| F|  |TAMS 0x0000000087c00000, 0x0000000087c00000| Untracked 
|  97|0x0000000087d00000, 0x0000000087d00000, 0x0000000087e00000|  0%| F|  |TAMS 0x0000000087d00000, 0x0000000087d00000| Untracked 
|  98|0x0000000087e00000, 0x0000000087e00000, 0x0000000087f00000|  0%| F|  |TAMS 0x0000000087e00000, 0x0000000087e00000| Untracked 
|  99|0x0000000087f00000, 0x0000000087f00000, 0x0000000088000000|  0%| F|  |TAMS 0x0000000087f00000, 0x0000000087f00000| Untracked 
| 100|0x0000000088000000, 0x0000000088000000, 0x0000000088100000|  0%| F|  |TAMS 0x0000000088000000, 0x0000000088000000| Untracked 
| 101|0x0000000088100000, 0x0000000088100000, 0x0000000088200000|  0%| F|  |TAMS 0x0000000088100000, 0x0000000088100000| Untracked 
| 102|0x0000000088200000, 0x0000000088200000, 0x0000000088300000|  0%| F|  |TAMS 0x0000000088200000, 0x0000000088200000| Untracked 
| 103|0x0000000088300000, 0x0000000088300000, 0x0000000088400000|  0%| F|  |TAMS 0x0000000088300000, 0x0000000088300000| Untracked 
| 104|0x0000000088400000, 0x0000000088400000, 0x0000000088500000|  0%| F|  |TAMS 0x0000000088400000, 0x0000000088400000| Untracked 
| 105|0x0000000088500000, 0x0000000088500000, 0x0000000088600000|  0%| F|  |TAMS 0x0000000088500000, 0x0000000088500000| Untracked 
| 106|0x0000000088600000, 0x0000000088600000, 0x0000000088700000|  0%| F|  |TAMS 0x0000000088600000, 0x0000000088600000| Untracked 
| 107|0x0000000088700000, 0x0000000088700000, 0x0000000088800000|  0%| F|  |TAMS 0x0000000088700000, 0x0000000088700000| Untracked 
| 108|0x0000000088800000, 0x0000000088800000, 0x0000000088900000|  0%| F|  |TAMS 0x0000000088800000, 0x0000000088800000| Untracked 
| 109|0x0000000088900000, 0x0000000088900000, 0x0000000088a00000|  0%| F|  |TAMS 0x0000000088900000, 0x0000000088900000| Untracked 
| 110|0x0000000088a00000, 0x0000000088a00000, 0x0000000088b00000|  0%| F|  |TAMS 0x0000000088a00000, 0x0000000088a00000| Untracked 
| 111|0x0000000088b00000, 0x0000000088b00000, 0x0000000088c00000|  0%| F|  |TAMS 0x0000000088b00000, 0x0000000088b00000| Untracked 
| 112|0x0000000088c00000, 0x0000000088c00000, 0x0000000088d00000|  0%| F|  |TAMS 0x0000000088c00000, 0x0000000088c00000| Untracked 
| 113|0x0000000088d00000, 0x0000000088d00000, 0x0000000088e00000|  0%| F|  |TAMS 0x0000000088d00000, 0x0000000088d00000| Untracked 
| 114|0x0000000088e00000, 0x0000000088e00000, 0x0000000088f00000|  0%| F|  |TAMS 0x0000000088e00000, 0x0000000088e00000| Untracked 
| 115|0x0000000088f00000, 0x0000000088f00000, 0x0000000089000000|  0%| F|  |TAMS 0x0000000088f00000, 0x0000000088f00000| Untracked 
| 116|0x0000000089000000, 0x0000000089000000, 0x0000000089100000|  0%| F|  |TAMS 0x0000000089000000, 0x0000000089000000| Untracked 
| 117|0x0000000089100000, 0x0000000089100000, 0x0000000089200000|  0%| F|  |TAMS 0x0000000089100000, 0x0000000089100000| Untracked 
| 118|0x0000000089200000, 0x0000000089200000, 0x0000000089300000|  0%| F|  |TAMS 0x0000000089200000, 0x0000000089200000| Untracked 
| 119|0x0000000089300000, 0x0000000089300000, 0x0000000089400000|  0%| F|  |TAMS 0x0000000089300000, 0x0000000089300000| Untracked 
| 120|0x0000000089400000, 0x00000000894c84a8, 0x0000000089500000| 78%| E|  |TAMS 0x0000000089400000, 0x0000000089400000| Complete 
| 121|0x0000000089500000, 0x0000000089600000, 0x0000000089600000|100%| E|CS|TAMS 0x0000000089500000, 0x0000000089500000| Complete 
| 122|0x0000000089600000, 0x0000000089700000, 0x0000000089700000|100%| E|CS|TAMS 0x0000000089600000, 0x0000000089600000| Complete 
| 123|0x0000000089700000, 0x0000000089800000, 0x0000000089800000|100%| E|  |TAMS 0x0000000089700000, 0x0000000089700000| Complete 
| 124|0x0000000089800000, 0x0000000089900000, 0x0000000089900000|100%| E|CS|TAMS 0x0000000089800000, 0x0000000089800000| Complete 
| 125|0x0000000089900000, 0x0000000089a00000, 0x0000000089a00000|100%| E|CS|TAMS 0x0000000089900000, 0x0000000089900000| Complete 
| 126|0x0000000089a00000, 0x0000000089b00000, 0x0000000089b00000|100%| E|CS|TAMS 0x0000000089a00000, 0x0000000089a00000| Complete 
| 127|0x0000000089b00000, 0x0000000089c00000, 0x0000000089c00000|100%| E|CS|TAMS 0x0000000089b00000, 0x0000000089b00000| Complete 

Card table byte_map: [0x0000020121de0000,0x00000201221e0000] _byte_map_base: 0x00000201219d2000

Marking Bits (Prev, Next): (CMBitMap*) 0x000002010b124900, (CMBitMap*) 0x000002010b124940
 Prev Bits: [0x00000201225e0000, 0x0000020124570000)
 Next Bits: [0x0000020124570000, 0x0000020126500000)

Polling page: 0x0000020109080000

Metaspace:

Usage:
  Non-class:      1.31 MB used.
      Class:    119.49 KB used.
       Both:      1.43 MB used.

Virtual space:
  Non-class space:       64.00 MB reserved,       1.38 MB (  2%) committed,  1 nodes.
      Class space:        1.00 GB reserved,     192.00 KB ( <1%) committed,  1 nodes.
             Both:        1.06 GB reserved,       1.56 MB ( <1%) committed. 

Chunk freelists:
   Non-Class:  3.78 MB
       Class:  3.70 MB
        Both:  7.48 MB

MaxMetaspaceSize: unlimited
CompressedClassSpaceSize: 1.00 GB
Initial GC threshold: 21.00 MB
Current GC threshold: 21.00 MB
CDS: on
MetaspaceReclaimPolicy: balanced
 - commit_granule_bytes: 65536.
 - commit_granule_words: 8192.
 - virtual_space_node_default_size: 8388608.
 - enlarge_chunks_in_place: 1.
 - new_chunks_are_fully_committed: 0.
 - uncommit_free_chunks: 1.
 - use_allocation_guard: 0.


Internal statistics:

num_allocs_failed_limit: 0.
num_arena_births: 36.
num_arena_deaths: 0.
num_vsnodes_births: 2.
num_vsnodes_deaths: 0.
num_space_committed: 25.
num_space_uncommitted: 0.
num_chunks_returned_to_freelist: 0.
num_chunks_taken_from_freelist: 59.
num_chunk_merges: 0.
num_chunk_splits: 34.
num_chunks_enlarged: 17.
num_inconsistent_stats: 0.

CodeHeap 'non-profiled nmethods': size=120000Kb used=150Kb max_used=150Kb free=119849Kb
 bounds [0x000002011a4b0000, 0x000002011a720000, 0x00000201219e0000]
CodeHeap 'profiled nmethods': size=120000Kb used=635Kb max_used=635Kb free=119364Kb
 bounds [0x0000020112f80000, 0x00000201131f0000, 0x000002011a4b0000]
CodeHeap 'non-nmethods': size=5760Kb used=1140Kb max_used=1153Kb free=4619Kb
 bounds [0x00000201129e0000, 0x0000020112c50000, 0x0000020112f80000]
 total_blobs=875 nmethods=461 adapters=327
 compilation: enabled
              stopped_count=0, restarted_count=0
 full_count=0

Compilation events (20 events):
Event: 0.521 Thread 0x00000201289b3320 nmethod 445 0x0000020113019f10 code [0x000002011301a0a0, 0x000002011301a1b8]
Event: 0.521 Thread 0x00000201289b3320  446   !   3       jdk.internal.misc.ScopedMemoryAccess::getByte (20 bytes)
Event: 0.521 Thread 0x00000201289b3320 nmethod 446 0x000002011301a290 code [0x000002011301a460, 0x000002011301a8b8]
Event: 0.521 Thread 0x00000201289b3320  449       3       java.nio.DirectLongBufferU::ix (10 bytes)
Event: 0.521 Thread 0x00000201289b3320 nmethod 449 0x000002011301aa90 code [0x000002011301ac20, 0x000002011301ad38]
Event: 0.521 Thread 0x00000201289b3320  450       3       java.lang.ref.Cleaner::register (25 bytes)
Event: 0.522 Thread 0x00000201289b3320 nmethod 450 0x000002011301ae10 code [0x000002011301b000, 0x000002011301b548]
Event: 0.522 Thread 0x00000201289b3320  451       3       jdk.internal.ref.CleanerImpl$PhantomCleanableRef::<init> (12 bytes)
Event: 0.522 Thread 0x00000201289b3320 nmethod 451 0x000002011301b790 code [0x000002011301b940, 0x000002011301bae8]
Event: 0.522 Thread 0x00000201289b3320  452       1       sun.nio.fs.NativeBuffer::setOwner (6 bytes)
Event: 0.522 Thread 0x00000201289b3320 nmethod 452 0x000002011a4d5310 code [0x000002011a4d54a0, 0x000002011a4d55b8]
Event: 0.522 Thread 0x00000201289b3320  453       1       sun.nio.fs.NativeBuffer::size (5 bytes)
Event: 0.522 Thread 0x00000201289b3320 nmethod 453 0x000002011a4d5610 code [0x000002011a4d57a0, 0x000002011a4d5878]
Event: 0.523 Thread 0x00000201289b3320  454       3       java.lang.Math::abs (13 bytes)
Event: 0.524 Thread 0x00000201289b3320 nmethod 454 0x000002011301bb90 code [0x000002011301bd20, 0x000002011301be98]
Event: 0.524 Thread 0x00000201289b2290  455 %     4       java.lang.StringCoding::hasNegatives @ 2 (25 bytes)
Event: 0.525 Thread 0x00000201289b3320  457       3       java.util.zip.ZipFile$Source::getMetaVersion (221 bytes)
Event: 0.525 Thread 0x00000201289b3320 nmethod 457 0x000002011301bf10 code [0x000002011301c100, 0x000002011301c898]
Event: 0.525 Thread 0x00000201289b3320  456       3       java.util.zip.ZipFile$Source::isSignatureRelated (205 bytes)
Event: 0.525 Thread 0x00000201289b3320 nmethod 456 0x000002011301ca90 code [0x000002011301cc40, 0x000002011301d0f8]

GC Heap History (0 events):
No events

Deoptimization events (20 events):
Event: 0.355 Thread 0x000002010b0c47d0 DEOPT PACKING pc=0x000002011a4b4f5c sp=0x000000d9cb3fe170
Event: 0.355 Thread 0x000002010b0c47d0 DEOPT UNPACKING pc=0x0000020112a323a3 sp=0x000000d9cb3fe100 mode 2
Event: 0.355 Thread 0x000002010b0c47d0 Uncommon trap: trap_request=0xffffff45 fr.pc=0x000002011a4b1628 relative=0x00000000000000a8
Event: 0.355 Thread 0x000002010b0c47d0 Uncommon trap: reason=unstable_if action=reinterpret pc=0x000002011a4b1628 method=java.lang.String.isLatin1()Z @ 10 c2
Event: 0.355 Thread 0x000002010b0c47d0 DEOPT PACKING pc=0x000002011a4b1628 sp=0x000000d9cb3feb80
Event: 0.355 Thread 0x000002010b0c47d0 DEOPT UNPACKING pc=0x0000020112a323a3 sp=0x000000d9cb3feac0 mode 2
Event: 0.394 Thread 0x000002010b0c47d0 DEOPT PACKING pc=0x0000020112f8a867 sp=0x000000d9cb3f9e70
Event: 0.394 Thread 0x000002010b0c47d0 DEOPT UNPACKING pc=0x0000020112a32b43 sp=0x000000d9cb3f9290 mode 0
Event: 0.398 Thread 0x000002010b0c47d0 DEOPT PACKING pc=0x0000020112fb0a0c sp=0x000000d9cb3f9f40
Event: 0.398 Thread 0x000002010b0c47d0 DEOPT UNPACKING pc=0x0000020112a32b43 sp=0x000000d9cb3f93d0 mode 0
Event: 0.398 Thread 0x000002010b0c47d0 DEOPT PACKING pc=0x0000020112fb0a0c sp=0x000000d9cb3f9f40
Event: 0.399 Thread 0x000002010b0c47d0 DEOPT UNPACKING pc=0x0000020112a32b43 sp=0x000000d9cb3f93d0 mode 0
Event: 0.400 Thread 0x000002010b0c47d0 DEOPT PACKING pc=0x0000020112fb0a0c sp=0x000000d9cb3f9f40
Event: 0.400 Thread 0x000002010b0c47d0 DEOPT UNPACKING pc=0x0000020112a32b43 sp=0x000000d9cb3f93d0 mode 0
Event: 0.400 Thread 0x000002010b0c47d0 DEOPT PACKING pc=0x0000020112fb0a0c sp=0x000000d9cb3f9f40
Event: 0.400 Thread 0x000002010b0c47d0 DEOPT UNPACKING pc=0x0000020112a32b43 sp=0x000000d9cb3f93d0 mode 0
Event: 0.403 Thread 0x000002010b0c47d0 DEOPT PACKING pc=0x0000020112fb0a0c sp=0x000000d9cb3f9f40
Event: 0.403 Thread 0x000002010b0c47d0 DEOPT UNPACKING pc=0x0000020112a32b43 sp=0x000000d9cb3f93d0 mode 0
Event: 0.405 Thread 0x000002010b0c47d0 DEOPT PACKING pc=0x0000020112f88d51 sp=0x000000d9cb3f9e30
Event: 0.405 Thread 0x000002010b0c47d0 DEOPT UNPACKING pc=0x0000020112a32b43 sp=0x000000d9cb3f92a8 mode 0

Classes loaded (20 events):
Event: 0.495 Loading class java/io/ObjectInput done
Event: 0.495 Loading class java/io/ObjectInputStream done
Event: 0.497 Loading class java/lang/InterruptedException
Event: 0.497 Loading class java/lang/InterruptedException done
Event: 0.497 Loading class java/lang/CloneNotSupportedException
Event: 0.497 Loading class java/lang/CloneNotSupportedException done
Event: 0.497 Loading class java/io/ClassCache$CacheRef
Event: 0.497 Loading class java/io/ClassCache$CacheRef done
Event: 0.497 Loading class java/io/ObjectStreamClass$FieldReflectorKey
Event: 0.497 Loading class java/io/ObjectStreamClass$FieldReflectorKey done
Event: 0.497 Loading class java/io/ObjectStreamClass$FieldReflector
Event: 0.497 Loading class java/io/ObjectStreamClass$FieldReflector done
Event: 0.501 Loading class java/io/StringWriter
Event: 0.501 Loading class java/io/StringWriter done
Event: 0.525 Loading class java/util/zip/DataFormatException
Event: 0.525 Loading class java/util/zip/DataFormatException done
Event: 0.525 Loading class java/util/ServiceConfigurationError
Event: 0.525 Loading class java/util/ServiceConfigurationError done
Event: 0.525 Loading class java/lang/StackTraceElement$HashedModules
Event: 0.525 Loading class java/lang/StackTraceElement$HashedModules done

Classes unloaded (0 events):
No events

Classes redefined (0 events):
No events

Internal exceptions (8 events):
Event: 0.343 Thread 0x000002010b0c47d0 Exception <a 'java/lang/NoSuchMethodError'{0x0000000089aa8548}: 'void java.lang.invoke.DirectMethodHandle$Holder.invokeStatic(java.lang.Object, java.lang.Object, java.lang.Object)'> (0x0000000089aa8548) 
thrown [s\open\src\hotspot\share\interpreter\linkResolver.cpp, line 759]
Event: 0.349 Thread 0x000002010b0c47d0 Exception <a 'java/lang/NoSuchMethodError'{0x0000000089ac1260}: 'java.lang.Object java.lang.invoke.Invokers$Holder.invokeExact_MT(java.lang.Object, java.lang.Object, java.lang.Object, java.lang.Object, java.lang.Object)'> (0x0000000089ac1260) 
thrown [s\open\src\hotspot\share\interpreter\linkResolver.cpp, line 759]
Event: 0.366 Thread 0x000002012cd93d60 Exception <a 'java/lang/NoSuchMethodError'{0x0000000089906e08}: 'void java.lang.invoke.DirectMethodHandle$Holder.invokeStatic(java.lang.Object, java.lang.Object)'> (0x0000000089906e08) 
thrown [s\open\src\hotspot\share\interpreter\linkResolver.cpp, line 759]
Event: 0.480 Thread 0x000002010b0c47d0 Exception <a 'java/lang/NoSuchMethodError'{0x00000000896d2918}: 'java.lang.Object java.lang.invoke.DirectMethodHandle$Holder.invokeStaticInit(java.lang.Object, int)'> (0x00000000896d2918) 
thrown [s\open\src\hotspot\share\interpreter\linkResolver.cpp, line 759]
Event: 0.490 Thread 0x000002010b0c47d0 Exception <a 'java/lang/NoSuchMethodError'{0x0000000089502ad8}: 'long java.lang.invoke.DirectMethodHandle$Holder.invokeSpecial(java.lang.Object, java.lang.Object)'> (0x0000000089502ad8) 
thrown [s\open\src\hotspot\share\interpreter\linkResolver.cpp, line 759]
Event: 0.490 Thread 0x000002010b0c47d0 Exception <a 'java/lang/NoSuchMethodError'{0x0000000089506288}: 'long java.lang.invoke.Invokers$Holder.invokeExact_MT(java.lang.Object, java.lang.Object)'> (0x0000000089506288) 
thrown [s\open\src\hotspot\share\interpreter\linkResolver.cpp, line 759]
Event: 0.498 Thread 0x000002010b0c47d0 Exception <a 'java/lang/NoSuchMethodError'{0x000000008951dd88}: 'java.lang.Object java.lang.invoke.DirectMethodHandle$Holder.invokeInterface(java.lang.Object, java.lang.Object)'> (0x000000008951dd88) 
thrown [s\open\src\hotspot\share\interpreter\linkResolver.cpp, line 759]
Event: 0.525 Thread 0x000002010b0c47d0 Exception <a 'java/lang/OutOfMemoryError'{0x00000000895fe9e0}> (0x00000000895fe9e0) 
thrown [s\open\src\hotspot\share\prims\jni.cpp, line 535]

VM Operations (6 events):
Event: 0.291 Executing VM operation: HandshakeAllThreads
Event: 0.291 Executing VM operation: HandshakeAllThreads done
Event: 0.360 Executing VM operation: HandshakeAllThreads
Event: 0.360 Executing VM operation: HandshakeAllThreads done
Event: 0.476 Executing VM operation: HandshakeAllThreads
Event: 0.476 Executing VM operation: HandshakeAllThreads done

Events (20 events):
Event: 0.024 Thread 0x000002010b0c47d0 Thread added: 0x000002010b0c47d0
Event: 0.026 Thread 0x000002012898f1e0 Thread added: 0x000002012898f1e0
Event: 0.026 Thread 0x00000201289904f0 Thread added: 0x00000201289904f0
Event: 0.037 Thread 0x00000201289ab860 Thread added: 0x00000201289ab860
Event: 0.037 Thread 0x00000201289ac110 Thread added: 0x00000201289ac110
Event: 0.037 Thread 0x00000201289ac9c0 Thread added: 0x00000201289ac9c0
Event: 0.037 Thread 0x00000201289ada10 Thread added: 0x00000201289ada10
Event: 0.038 Thread 0x00000201289b2290 Thread added: 0x00000201289b2290
Event: 0.038 Thread 0x00000201289b3320 Thread added: 0x00000201289b3320
Event: 0.038 Thread 0x00000201289c9ad0 Thread added: 0x00000201289c9ad0
Event: 0.282 Thread 0x0000020128979640 Thread added: 0x0000020128979640
Event: 0.312 Loaded shared library C:\Program Files\Java\jdk-18.0.2.1\bin\zip.dll
Event: 0.315 Loaded shared library C:\Program Files\Java\jdk-18.0.2.1\bin\instrument.dll
Event: 0.327 Loaded shared library C:\Program Files\Java\jdk-18.0.2.1\bin\net.dll
Event: 0.329 Loaded shared library C:\Program Files\Java\jdk-18.0.2.1\bin\nio.dll
Event: 0.337 Loaded shared library C:\Program Files\Java\jdk-18.0.2.1\bin\zip.dll
Event: 0.353 Loaded shared library C:\Program Files\JetBrains\IntelliJ IDEA Community Edition 2022.3.3\bin\breakgen64.dll
Event: 0.354 Thread 0x000002012cd93d60 Thread added: 0x000002012cd93d60
Event: 0.355 Thread 0x000002012cd48900 Thread added: 0x000002012cd48900
Event: 0.518 Loaded shared library C:\Program Files\Java\jdk-18.0.2.1\bin\jimage.dll


Dynamic libraries:
0x00007ff6d0670000 - 0x00007ff6d0680000 	C:\Program Files\Java\jdk-18.0.2.1\bin\java.exe
0x00007ff8f2520000 - 0x00007ff8f2710000 	C:\Windows\SYSTEM32\ntdll.dll
0x00007ff8f0a00000 - 0x00007ff8f0ab2000 	C:\Windows\System32\KERNEL32.DLL
0x00007ff8ef560000 - 0x00007ff8ef805000 	C:\Windows\System32\KERNELBASE.dll
0x00007ff8ef9d0000 - 0x00007ff8efaca000 	C:\Windows\System32\ucrtbase.dll
0x00007ff8ddcb0000 - 0x00007ff8ddcca000 	C:\Program Files\Java\jdk-18.0.2.1\bin\VCRUNTIME140.dll
0x00007ff8ddcd0000 - 0x00007ff8ddce8000 	C:\Program Files\Java\jdk-18.0.2.1\bin\jli.dll
0x00007ff8f1cf0000 - 0x00007ff8f1d93000 	C:\Windows\System32\ADVAPI32.dll
0x00007ff8f14b0000 - 0x00007ff8f154e000 	C:\Windows\System32\msvcrt.dll
0x00007ff8f1ed0000 - 0x00007ff8f1f67000 	C:\Windows\System32\sechost.dll
0x00007ff8f1db0000 - 0x00007ff8f1ecf000 	C:\Windows\System32\RPCRT4.dll
0x00007ff8f05d0000 - 0x00007ff8f0764000 	C:\Windows\System32\USER32.dll
0x00007ff8ef8f0000 - 0x00007ff8ef911000 	C:\Windows\System32\win32u.dll
0x00007ff8f2170000 - 0x00007ff8f2196000 	C:\Windows\System32\GDI32.dll
0x00007ff8efb30000 - 0x00007ff8efcc8000 	C:\Windows\System32\gdi32full.dll
0x00007ff8ef4c0000 - 0x00007ff8ef55e000 	C:\Windows\System32\msvcp_win.dll
0x00007ff8ee1c0000 - 0x00007ff8ee444000 	C:\Windows\WinSxS\amd64_microsoft.windows.common-controls_6595b64144ccf1df_6.0.18362.1556_none_9e7e372fe45e41d5\COMCTL32.dll
0x00007ff8f21a0000 - 0x00007ff8f24d6000 	C:\Windows\System32\combase.dll
0x00007ff8ef860000 - 0x00007ff8ef8e1000 	C:\Windows\System32\bcryptPrimitives.dll
0x00007ff8e8170000 - 0x00007ff8e817a000 	C:\Windows\SYSTEM32\VERSION.dll
0x00007ff8f1690000 - 0x00007ff8f16be000 	C:\Windows\System32\IMM32.DLL
0x00007ff8d9270000 - 0x00007ff8d927c000 	C:\Program Files\Java\jdk-18.0.2.1\bin\vcruntime140_1.dll
0x00007ff8c1820000 - 0x00007ff8c18ad000 	C:\Program Files\Java\jdk-18.0.2.1\bin\msvcp140.dll
0x00007ff889790000 - 0x00007ff88a3a1000 	C:\Program Files\Java\jdk-18.0.2.1\bin\server\jvm.dll
0x00007ff8f1da0000 - 0x00007ff8f1da8000 	C:\Windows\System32\PSAPI.DLL
0x00007ff8d6ee0000 - 0x00007ff8d6ee9000 	C:\Windows\SYSTEM32\WSOCK32.dll
0x00007ff8ec0b0000 - 0x00007ff8ec0d4000 	C:\Windows\SYSTEM32\WINMM.dll
0x00007ff8f1c80000 - 0x00007ff8f1cef000 	C:\Windows\System32\WS2_32.dll
0x00007ff8ebea0000 - 0x00007ff8ebecd000 	C:\Windows\SYSTEM32\WINMMBASE.dll
0x00007ff8ef810000 - 0x00007ff8ef85a000 	C:\Windows\System32\cfgmgr32.dll
0x00007ff8ef400000 - 0x00007ff8ef411000 	C:\Windows\System32\kernel.appcore.dll
0x00007ff8d9260000 - 0x00007ff8d926a000 	C:\Program Files\Java\jdk-18.0.2.1\bin\jimage.dll
0x00007ff8eeb60000 - 0x00007ff8eed54000 	C:\Windows\SYSTEM32\DBGHELP.DLL
0x00007ff8ee450000 - 0x00007ff8ee47a000 	C:\Windows\SYSTEM32\dbgcore.DLL
0x00007ff8d7830000 - 0x00007ff8d783e000 	C:\Program Files\Java\jdk-18.0.2.1\bin\instrument.dll
0x00007ff8c7640000 - 0x00007ff8c7665000 	C:\Program Files\Java\jdk-18.0.2.1\bin\java.dll
0x00007ff8a6b30000 - 0x00007ff8a6c06000 	C:\Program Files\Java\jdk-18.0.2.1\bin\jsvml.dll
0x00007ff8f0b40000 - 0x00007ff8f1227000 	C:\Windows\System32\SHELL32.dll
0x00007ff8f0950000 - 0x00007ff8f09f8000 	C:\Windows\System32\shcore.dll
0x00007ff8efe50000 - 0x00007ff8f05cb000 	C:\Windows\System32\windows.storage.dll
0x00007ff8ef470000 - 0x00007ff8ef48e000 	C:\Windows\System32\profapi.dll
0x00007ff8ef420000 - 0x00007ff8ef46a000 	C:\Windows\System32\powrprof.dll
0x00007ff8ef3d0000 - 0x00007ff8ef3e0000 	C:\Windows\System32\UMPDC.dll
0x00007ff8f1f70000 - 0x00007ff8f1fc2000 	C:\Windows\System32\shlwapi.dll
0x00007ff8efe30000 - 0x00007ff8efe47000 	C:\Windows\System32\cryptsp.dll
0x00007ff8c6c30000 - 0x00007ff8c6c48000 	C:\Program Files\Java\jdk-18.0.2.1\bin\zip.dll
0x00007ff8c6890000 - 0x00007ff8c68a3000 	C:\Program Files\Java\jdk-18.0.2.1\bin\net.dll
0x00007ff8df080000 - 0x00007ff8df17a000 	C:\Windows\SYSTEM32\WINHTTP.dll
0x00007ff8ee870000 - 0x00007ff8ee8d7000 	C:\Windows\system32\mswsock.dll
0x00007ff8c5150000 - 0x00007ff8c5166000 	C:\Program Files\Java\jdk-18.0.2.1\bin\nio.dll
0x00007ff8c5010000 - 0x00007ff8c502a000 	C:\Program Files\JetBrains\IntelliJ IDEA Community Edition 2022.3.3\bin\breakgen64.dll

dbghelp: loaded successfully - version: 4.0.5 - missing functions: none
symbol engine: initialized successfully - sym options: 0x614 - pdb path: .;C:\Program Files\Java\jdk-18.0.2.1\bin;C:\Windows\SYSTEM32;C:\Windows\WinSxS\amd64_microsoft.windows.common-controls_6595b64144ccf1df_6.0.18362.1556_none_9e7e372fe45e41d5;C:\Program Files\Java\jdk-18.0.2.1\bin\server;C:\Program Files\JetBrains\IntelliJ IDEA Community Edition 2022.3.3\bin

VM Arguments:
jvm_args: -ea -Didea.test.cyclic.buffer.size=1048576 -javaagent:C:\Program Files\JetBrains\IntelliJ IDEA Community Edition 2022.3.3\lib\idea_rt.jar=60355:C:\Program Files\JetBrains\IntelliJ IDEA Community Edition 2022.3.3\bin -Dfile.encoding=UTF-8 -Dsun.stdout.encoding=UTF-8 -Dsun.stderr.encoding=UTF-8 
java_command: com.intellij.rt.junit.JUnitStarter -ideVersion5 -junit5 com.example.AppEcommerce.AppEcommerceApplicationTests
java_class_path (initial): C:\Users\rihab.DESKTOP-BQ1736K\.m2\repository\org\junit\platform\junit-platform-launcher\1.8.2\junit-platform-launcher-1.8.2.jar;C:\Program Files\JetBrains\IntelliJ IDEA Community Edition 2022.3.3\lib\idea_rt.jar;C:\Program Files\JetBrains\IntelliJ IDEA Community Edition 2022.3.3\plugins\junit\lib\junit5-rt.jar;C:\Program Files\JetBrains\IntelliJ IDEA Community Edition 2022.3.3\plugins\junit\lib\junit-rt.jar;F:\Work\AppEcommerce\target\test-classes;F:\Work\AppEcommerce\target\classes;C:\Users\rihab.DESKTOP-BQ1736K\.m2\repository\org\springframework\boot\spring-boot-starter-data-mongodb\2.7.4\spring-boot-starter-data-mongodb-2.7.4.jar;C:\Users\rihab.DESKTOP-BQ1736K\.m2\repository\org\springframework\boot\spring-boot-starter\2.7.4\spring-boot-starter-2.7.4.jar;C:\Users\rihab.DESKTOP-BQ1736K\.m2\repository\org\springframework\boot\spring-boot\2.7.4\spring-boot-2.7.4.jar;C:\Users\rihab.DESKTOP-BQ1736K\.m2\repository\org\springframework\boot\spring-boot-autoconfigure\2.7.4\spring-boot-autoconfigure-2.7.4.jar;C:\Users\rihab.DESKTOP-BQ1736K\.m2\repository\org\springframework\boot\spring-boot-starter-logging\2.7.4\spring-boot-starter-logging-2.7.4.jar;C:\Users\rihab.DESKTOP-BQ1736K\.m2\repository\ch\qos\logback\logback-classic\1.2.11\logback-classic-1.2.11.jar;C:\Users\rihab.DESKTOP-BQ1736K\.m2\repository\ch\qos\logback\logback-core\1.2.11\logback-core-1.2.11.jar;C:\Users\rihab.DESKTOP-BQ1736K\.m2\repository\org\apache\logging\log4j\log4j-to-slf4j\2.17.2\log4j-to-slf4j-2.17.2.jar;C:\Users\rihab.DESKTOP-BQ1736K\.m2\repository\org\apache\logging\log4j\log4j-api\2.17.2\log4j-api-2.17.2.jar;C:\Users\rihab.DESKTOP-BQ1736K\.m2\repository\org\slf4j\jul-to-slf4j\1.7.36\jul-to-slf4j-1.7.36.jar;C:\Users\rihab.DESKTOP-BQ1736K\.m2\repository\jakarta\annotation\jakarta.annotation-api\1.3.5\jakarta.annotation-api-1.3.5.jar;C:\Users\rihab.DESKTOP-BQ1736K\.m2\repository\org\yaml\snakeyaml\1.30\snakeyaml-1.30.jar;C:\Users\rihab.DESKTOP-BQ1736K\.m2\repository\org\mongodb\mongodb-driver-sync\4.6.1\mongodb-driver-sync-4.6.1.jar;C:\Users\rihab.DESKTOP-BQ1736K\.m2\repository\org\mongodb\bson\4.6.1\bson-4.6.1.jar;C:\Users\rihab.DESKTOP-BQ1736K\.m2\repository\org\mongodb\mongodb-driver-core\4.6.1\mongodb-driver-core-4.6.1.jar;C:\Users\rihab.DESKTOP-BQ1736K\.m2\repository\org\mongodb\bson-record-codec\4.6.1\bson-record-codec-4.6.1.jar;C:\Users\rihab.DESKTOP-BQ1736K\.m2\repository\org\springframework\data\spring-data-mongodb\3.4.3\spring-data-mongodb-3.4.3.jar;C:\Users\rihab.DESKTOP-BQ1736K\.m2\repository\org\springframework\spring-tx\5.3.23\spring-tx-5.3.23.jar;C:\Users\rihab.DESKTOP-BQ1736K\.m2\repository\org\springframework\data\spring-data-commons\2.7.3\spring-data-commons-2.7.3.jar;C:\Users\rihab.DESKTOP-BQ1736K\.m2\repository\org\slf4j\slf4j-api\1.7.36\slf4j-api-1.7.36.jar;C:\Users\rihab.DESKTOP-BQ1736K\.m2\repository\org\springframework\boot\spring-boot-starter-security\2.7.4\spring-boot-starter-security-2.7.4.jar;C:\Users\rihab.DESKTOP-BQ1736K\.m2\repository\org\springframework\spring-aop\5.3.23\spring-aop-5.3.23.jar;C:\Users\rihab.DESKTOP-BQ1736K\.m2\repository\org\springframework\security\spring-security-config\5.7.3\spring-security-config-5.7.3.jar;C:\Users\rihab.DESKTOP-BQ1736K\.m2\repository\org\springframework\security\spring-security-web\5.7.3\spring-security-web-5.7.3.jar;C:\Users\rihab.DESKTOP-BQ1736K\.m2\repository\org\springframework\boot\spring-boot-starter-web\2.7.4\spring-boot-starter-web-2.7.4.jar;C:\Users\rihab.DESKTOP-BQ1736K\.m2\repository\org\springframework\boot\spring-boot-starter-json\2.7.4\spring-boot-starter-json-2.7.4.jar;C:\Users\rihab.DESKTOP-BQ1736K\.m2\repository\com\fasterxml\jackson\datatype\jackson-datatype-jdk8\2.13.4\jackson-datatype-jdk8-2.13.4.jar;C:\Users\rihab.DESKTOP-BQ1736K\.m2\repository\com\fasterxml\jackson\datatype\jackson-datatype-jsr310\2.13.4\jackson-datatype-jsr310-2.13.4.jar;C:\Users\rihab.DESKTOP-BQ1736K\.m2\repository\com\fasterxml\jackson\module\jackson-module-parameter-names\2.13.4\jackson-module-parameter-names-2.13.4.jar;C:\Users\rihab.DESKTOP-BQ1736K\.m2\repository\org\springframework\boot\spring-boot-starter-tomcat\2.7.4\spring-boot-starter-tomcat-2.7.4.jar;C:\Users\rihab.DESKTOP-BQ1736K\.m2\repository\org\apache\tomcat\embed\tomcat-embed-core\9.0.65\tomcat-embed-core-9.0.65.jar;C:\Users\rihab.DESKTOP-BQ1736K\.m2\repository\org\apache\tomcat\embed\tomcat-embed-el\9.0.65\tomcat-embed-el-9.0.65.jar;C:\Users\rihab.DESKTOP-BQ1736K\.m2\repository\org\apache\tomcat\embed\tomcat-embed-websocket\9.0.65\tomcat-embed-websocket-9.0.65.jar;C:\Users\rihab.DESKTOP-BQ1736K\.m2\repository\org\springframework\spring-web\5.3.23\spring-web-5.3.23.jar;C:\Users\rihab.DESKTOP-BQ1736K\.m2\repository\org\springframework\spring-webmvc\5.3.23\spring-webmvc-5.3.23.jar;C:\Users\rihab.DESKTOP-BQ1736K\.m2\repository\io\jsonwebtoken\jjwt\0.9.1\jjwt-0.9.1.jar;C:\Users\rihab.DESKTOP-BQ1736K\.m2\repository\com\fasterxml\jackson\core\jackson-databind\2.13.4\jackson-databind-2.13.4.jar;C:\Users\rihab.DESKTOP-BQ1736K\.m2\repository\com\fasterxml\jackson\core\jackson-annotations\2.13.4\jackson-annotations-2.13.4.jar;C:\Users\rihab.DESKTOP-BQ1736K\.m2\repository\com\fasterxml\jackson\core\jackson-core\2.13.4\jackson-core-2.13.4.jar;C:\Users\rihab.DESKTOP-BQ1736K\.m2\repository\org\projectlombok\lombok\1.18.24\lombok-1.18.24.jar;C:\Users\rihab.DESKTOP-BQ1736K\.m2\repository\org\springframework\boot\spring-boot-starter-test\2.7.4\spring-boot-starter-test-2.7.4.jar;C:\Users\rihab.DESKTOP-BQ1736K\.m2\repository\org\springframework\boot\spring-boot-test\2.7.4\spring-boot-test-2.7.4.jar;C:\Users\rihab.DESKTOP-BQ1736K\.m2\repository\org\springframework\boot\spring-boot-test-autoconfigure\2.7.4\spring-boot-test-autoconfigure-2.7.4.jar;C:\Users\rihab.DESKTOP-BQ1736K\.m2\repository\com\jayway\jsonpath\json-path\2.7.0\json-path-2.7.0.jar;C:\Users\rihab.DESKTOP-BQ1736K\.m2\repository\net\minidev\json-smart\2.4.8\json-smart-2.4.8.jar;C:\Users\rihab.DESKTOP-BQ1736K\.m2\repository\net\minidev\accessors-smart\2.4.8\accessors-smart-2.4.8.jar;C:\Users\rihab.DESKTOP-BQ1736K\.m2\repository\org\ow2\asm\asm\9.1\asm-9.1.jar;C:\Users\rihab.DESKTOP-BQ1736K\.m2\repository\jakarta\xml\bind\jakarta.xml.bind-api\2.3.3\jakarta.xml.bind-api-2.3.3.jar;C:\Users\rihab.DESKTOP-BQ1736K\.m2\repository\jakarta\activation\jakarta.activation-api\1.2.2\jakarta.activation-api-1.2.2.jar;C:\Users\rihab.DESKTOP-BQ1736K\.m2\repository\org\assertj\assertj-core\3.22.0\assertj-core-3.22.0.jar;C:\Users\rihab.DESKTOP-BQ1736K\.m2\repository\org\hamcrest\hamcrest\2.2\hamcrest-2.2.jar;C:\Users\rihab.DESKTOP-BQ1736K\.m2\repository\org\junit\jupiter\junit-jupiter\5.8.2\junit-jupiter-5.8.2.jar;C:\Users\rihab.DESKTOP-BQ1736K\.m2\repository\org\junit\jupiter\junit-jupiter-api\5.8.2\junit-jupiter-api-5.8.2.jar;C:\Users\rihab.DESKTOP-BQ1736K\.m2\repository\org\opentest4j\opentest4j\1.2.0\opentest4j-1.2.0.jar;C:\Users\rihab.DESKTOP-BQ1736K\.m2\repository\org\junit\platform\junit-platform-commons\1.8.2\junit-platform-commons-1.8.2.jar;C:\Users\rihab.DESKTOP-BQ1736K\.m2\repository\org\apiguardian\apiguardian-api\1.1.2\apiguardian-api-1.1.2.jar;C:\Users\rihab.DESKTOP-BQ1736K\.m2\repository\org\junit\jupiter\junit-jupiter-params\5.8.2\junit-jupiter-params-5.8.2.jar;C:\Users\rihab.DESKTOP-BQ1736K\.m2\repository\org\junit\jupiter\junit-jupiter-engine\5.8.2\junit-jupiter-engine-5.8.2.jar;C:\Users\rihab.DESKTOP-BQ1736K\.m2\repository\org\junit\platform\junit-platform-engine\1.8.2\junit-platform-engine-1.8.2.jar;C:\Users\rihab.DESKTOP-BQ1736K\.m2\repository\org\mockito\mockito-core\4.5.1\mockito-core-4.5.1.jar;C:\Users\rihab.DESKTOP-BQ1736K\.m2\repository\net\bytebuddy\byte-buddy\1.12.17\byte-buddy-1.12.17.jar;C:\Users\rihab.DESKTOP-BQ1736K\.m2\repository\net\bytebuddy\byte-buddy-agent\1.12.17\byte-buddy-agent-1.12.17.jar;C:\Users\rihab.DESKTOP-BQ1736K\.m2\repository\org\objenesis\objenesis\3.2\objenesis-3.2.jar;C:\Users\rihab.DESKTOP-BQ1736K\.m2\repository\org\mockito\mockito-junit-jupiter\4.5.1\mockito-junit-jupiter-4.5.1.jar;C:\Users\rihab.DESKTOP-BQ1736K\.m2\repository\org\skyscreamer\jsonassert\1.5.1\jsonassert-1.5.1.jar;C:\Users\rihab.DESKTOP-BQ1736K\.m2\repository\com\vaadin\external\google\android-json\0.0.20131108.vaadin1\android-json-0.0.20131108.vaadin1.jar;C:\Users\rihab.DESKTOP-BQ1736K\.m2\repository\org\springframework\spring-core\5.3.23\spring-core-5.3.23.jar;C:\Users\rihab.DESKTOP-BQ1736K\.m2\repository\org\springframework\spring-jcl\5.3.23\spring-jcl-5.3.23.jar;C:\Users\rihab.DESKTOP-BQ1736K\.m2\repository\org\springframework\spring-test\5.3.23\spring-test-5.3.23.jar;C:\Users\rihab.DESKTOP-BQ1736K\.m2\repository\org\xmlunit\xmlunit-core\2.9.0\xmlunit-core-2.9.0.jar;C:\Users\rihab.DESKTOP-BQ1736K\.m2\repository\org\springframework\security\spring-security-test\5.7.3\spring-security-test-5.7.3.jar;C:\Users\rihab.DESKTOP-BQ1736K\.m2\repository\org\hibernate\validator\hibernate-validator\6.2.5.Final\hibernate-validator-6.2.5.Final.jar;C:\Users\rihab.DESKTOP-BQ1736K\.m2\repository\jakarta\validation\jakarta.validation-api\2.0.2\jakarta.validation-api-2.0.2.jar;C:\Users\rihab.DESKTOP-BQ1736K\.m2\repository\org\jboss\logging\jboss-logging\3.4.3.Final\jboss-logging-3.4.3.Final.jar;C:\Users\rihab.DESKTOP-BQ1736K\.m2\repository\com\fasterxml\classmate\1.5.1\classmate-1.5.1.jar;C:\Users\rihab.DESKTOP-BQ1736K\.m2\repository\jakarta\persistence\jakarta.persistence-api\2.2.3\jakarta.persistence-api-2.2.3.jar;C:\Users\rihab.DESKTOP-BQ1736K\.m2\repository\org\springframework\security\spring-security-core\6.0.2\spring-security-core-6.0.2.jar;C:\Users\rihab.DESKTOP-BQ1736K\.m2\repository\org\springframework\security\spring-security-crypto\5.7.3\spring-security-crypto-5.7.3.jar;C:\Users\rihab.DESKTOP-BQ1736K\.m2\repository\org\springframework\spring-beans\5.3.23\spring-beans-5.3.23.jar;C:\Users\rihab.DESKTOP-BQ1736K\.m2\repository\org\springframework\spring-context\5.3.23\spring-context-5.3.23.jar;C:\Users\rihab.DESKTOP-BQ1736K\.m2\repository\org\springframework\spring-expression\5.3.23\spring-expression-5.3.23.jar;C:\Users\rihab.DESKTOP-BQ1736K\.m2\repository\io\micrometer\micrometer-observation\1.10.4\micrometer-observation-1.10.4.jar;C:\Users\rihab.DESKTOP-BQ1736K\.m2\repository\io\micrometer\micrometer-commons\1.10.4\micrometer-commons-1.10.4.jar;C:\Users\rihab.DESKTOP-BQ1736K\.m2\repository\javax\xml\bind\jaxb-api\2.3.1\jaxb-api-2.3.1.jar;C:\Users\rihab.DESKTOP-BQ1736K\.m2\repository\javax\activation\javax.activation-api\1.2.0\javax.activation-api-1.2.0.jar
Launcher Type: SUN_STANDARD

[Global flags]
     intx CICompilerCount                          = 3                                         {product} {ergonomic}
     uint ConcGCThreads                            = 1                                         {product} {ergonomic}
     uint G1ConcRefinementThreads                  = 4                                         {product} {ergonomic}
   size_t G1HeapRegionSize                         = 1048576                                   {product} {ergonomic}
    uintx GCDrainStackTargetSize                   = 64                                        {product} {ergonomic}
   size_t InitialHeapSize                          = 134217728                                 {product} {ergonomic}
   size_t MarkStackSize                            = 4194304                                   {product} {ergonomic}
   size_t MaxHeapSize                              = 2118123520                                {product} {ergonomic}
   size_t MaxNewSize                               = 1270874112                                {product} {ergonomic}
   size_t MinHeapDeltaBytes                        = 1048576                                   {product} {ergonomic}
   size_t MinHeapSize                              = 8388608                                   {product} {ergonomic}
    uintx NonNMethodCodeHeapSize                   = 5832780                                {pd product} {ergonomic}
    uintx NonProfiledCodeHeapSize                  = 122912730                              {pd product} {ergonomic}
    uintx ProfiledCodeHeapSize                     = 122912730                              {pd product} {ergonomic}
    uintx ReservedCodeCacheSize                    = 251658240                              {pd product} {ergonomic}
     bool SegmentedCodeCache                       = true                                      {product} {ergonomic}
   size_t SoftMaxHeapSize                          = 2118123520                             {manageable} {ergonomic}
     bool UseCompressedClassPointers               = true                           {product lp64_product} {ergonomic}
     bool UseCompressedOops                        = true                           {product lp64_product} {ergonomic}
     bool UseG1GC                                  = true                                      {product} {ergonomic}
     bool UseLargePagesIndividualAllocation        = false                                  {pd product} {ergonomic}

Logging:
Log output configuration:
 #0: stdout all=warning uptime,level,tags foldmultilines=false
 #1: stderr all=off uptime,level,tags foldmultilines=false

Environment Variables:
JAVA_HOME=C:\Program Files\Java\jdk-18.0.2.1\bin
PATH=C:\Program Files\Common Files\Oracle\Java\javapath;C:\Windows\system32;C:\Windows;C:\Windows\System32\Wbem;C:\Windows\System32\WindowsPowerShell\v1.0\;C:\Windows\System32\OpenSSH\;C:\Program Files\Java\jre1.8.0_351\bin;C:\Program Files\PuTTY\;C:\xampp\php;C:\Program Files\Git\cmd;C:\Program Files\nodejs\;C:\ProgramData\chocolatey\bin;C:\Program Files\MongoDB\Server\6.0\bin;C:\Users\rihab.DESKTOP-BQ1736K\AppData\Local\Programs\Python\Python38\Scripts\;C:\Users\rihab.DESKTOP-BQ1736K\AppData\Local\Programs\Python\Python38\;C:\Users\rihab.DESKTOP-BQ1736K\AppData\Local\Microsoft\WindowsApps;E:\JetBrains\PyCharm Community Edition 2022.3\bin;;D:\Microsoft VS Code\bin;C:\Users\rihab.DESKTOP-BQ1736K\AppData\Roaming\npm;C:\Users\rihab.DESKTOP-BQ1736K\AppData\Local\Android\Sdk\platform-tools;C:\Program Files\MongoDB\Server\6.0\bin;C:\Users\rihab.DESKTOP-BQ1736K\Desktop\mongosh-1.8.0-win32-x64\bin;;C:\Program Files\JetBrains\IntelliJ IDEA Community Edition 2022.3.3\bin;
USERNAME=rihab
OS=Windows_NT
PROCESSOR_IDENTIFIER=Intel64 Family 6 Model 142 Stepping 9, GenuineIntel



---------------  S Y S T E M  ---------------

OS:
 Windows 10 , 64 bit Build 18362 (10.0.18362.1500)
OS uptime: 2 days 2:54 hours

CPU: total 4 (initial active 4) (2 cores per cpu, 2 threads per core) family 6 model 142 stepping 9 microcode 0xde, cx8, cmov, fxsr, ht, mmx, 3dnowpref, sse, sse2, sse3, ssse3, sse4.1, sse4.2, popcnt, lzcnt, tsc, tscinvbit, avx, avx2, aes, erms, clmul, bmi1, bmi2, adx, fma, vzeroupper, clflush, clflushopt

Memory: 4k page, system-wide physical 8072M (764M free)
TotalPageFile size 10072M (AvailPageFile size 2M)
current process WorkingSet (physical memory assigned to process): 43M, peak: 43M
current process commit charge ("private bytes"): 206M, peak: 206M

vm_info: Java HotSpot(TM) 64-Bit Server VM (18.0.2.1+1-1) for windows-amd64 JRE (18.0.2.1+1-1), built on Aug 16 2022 01:46:33 by "mach5one" with MS VC++ 16.8 / 16.9 (VS2019)

END.
