#
# There is insufficient memory for the Java Runtime Environment to continue.
# Native memory allocation (malloc) failed to allocate 427344 bytes for Chunk::new
# Possible reasons:
#   The system is out of physical RAM or swap space
#   The process is running with CompressedOops enabled, and the Java Heap may be blocking the growth of the native heap
# Possible solutions:
#   Reduce memory load on the system
#   Increase physical memory or swap space
#   Check if swap backing store is full
#   Decrease Java heap size (-Xmx/-Xms)
#   Decrease number of Java threads
#   Decrease Java thread stack sizes (-Xss)
#   Set larger code cache with -XX:ReservedCodeCacheSize=
#   JVM is running with Unscaled Compressed Oops mode in which the Java heap is
#     placed in the first 4GB address space. The Java Heap base address is the
#     maximum limit for the native heap growth. Please use -XX:HeapBaseMinAddress
#     to set the Java Heap base and to place the Java Heap above 4GB virtual address.
# This output file may be truncated or incomplete.
#
#  Out of Memory Error (arena.cpp:184), pid=15240, tid=5996
#
# JRE version: Java(TM) SE Runtime Environment (18.0.2.1+1) (build 18.0.2.1+1-1)
# Java VM: Java HotSpot(TM) 64-Bit Server VM (18.0.2.1+1-1, mixed mode, sharing, tiered, compressed oops, compressed class ptrs, g1 gc, windows-amd64)
# No core dump will be written. Minidumps are not enabled by default on client versions of Windows
#

---------------  S U M M A R Y ------------

Command Line: -javaagent:C:\Program Files\JetBrains\IntelliJ IDEA Community Edition 2022.3.3\lib\idea_rt.jar=60186:C:\Program Files\JetBrains\IntelliJ IDEA Community Edition 2022.3.3\bin -Dfile.encoding=UTF-8 -Dsun.stdout.encoding=UTF-8 -Dsun.stderr.encoding=UTF-8 com.example.AppEcommerce.AppEcommerceApplication

Host: Intel(R) Core(TM) i7-7500U CPU @ 2.70GHz, 4 cores, 7G,  Windows 10 , 64 bit Build 18362 (10.0.18362.1500)
Time: Sat Apr  1 15:53:46 2023 Afr. centrale Ouest elapsed time: 1.289059 seconds (0d 0h 0m 1s)

---------------  T H R E A D  ---------------

Current thread (0x000001d4862a3fd0):  JavaThread "C2 CompilerThread0" daemon [_thread_in_native, id=5996, stack(0x0000003808000000,0x0000003808100000)]


Current CompileTask:
C2:   1289 1654       4       jdk.internal.org.objectweb.asm.Frame::execute (2305 bytes)

Stack: [0x0000003808000000,0x0000003808100000]
Native frames: (J=compiled Java code, j=interpreted, Vv=VM code, C=native code)
V  [jvm.dll+0x6993aa]
V  [jvm.dll+0x7f46dd]
V  [jvm.dll+0x7f5fee]
V  [jvm.dll+0x7f66a3]
V  [jvm.dll+0x25cf1f]
V  [jvm.dll+0xb8c2f]
V  [jvm.dll+0xb8fa5]
V  [jvm.dll+0x3860cb]
V  [jvm.dll+0x34fe71]
V  [jvm.dll+0x34f30a]
V  [jvm.dll+0x230101]
V  [jvm.dll+0x22f4d1]
V  [jvm.dll+0x1ba01c]
V  [jvm.dll+0x23ee0a]
V  [jvm.dll+0x23d0f5]
V  [jvm.dll+0x7a6dd1]
V  [jvm.dll+0x7a120a]
V  [jvm.dll+0x698255]
C  [ucrtbase.dll+0x210b2]
C  [KERNEL32.DLL+0x17c24]
C  [ntdll.dll+0x6d721]


---------------  P R O C E S S  ---------------

Threads class SMR info:
_java_thread_list=0x000001d48b379340, length=15, elements={
0x000001d4e88eef30, 0x000001d486287cc0, 0x000001d486289110, 0x000001d4862a1240,
0x000001d4862a1af0, 0x000001d4862a2b40, 0x000001d4862a33f0, 0x000001d4862a3fd0,
0x000001d4862a6aa0, 0x000001d4862f1c50, 0x000001d48a5b6380, 0x000001d48a729e10,
0x000001d48a87c910, 0x000001d48a87cdd0, 0x000001d48b5fb1e0
}

Java Threads: ( => current thread )
  0x000001d4e88eef30 JavaThread "main" [_thread_in_vm, id=8072, stack(0x0000003807300000,0x0000003807400000)]
  0x000001d486287cc0 JavaThread "Reference Handler" daemon [_thread_blocked, id=13028, stack(0x0000003807a00000,0x0000003807b00000)]
  0x000001d486289110 JavaThread "Finalizer" daemon [_thread_blocked, id=4468, stack(0x0000003807b00000,0x0000003807c00000)]
  0x000001d4862a1240 JavaThread "Signal Dispatcher" daemon [_thread_blocked, id=6708, stack(0x0000003807c00000,0x0000003807d00000)]
  0x000001d4862a1af0 JavaThread "Attach Listener" daemon [_thread_blocked, id=14016, stack(0x0000003807d00000,0x0000003807e00000)]
  0x000001d4862a2b40 JavaThread "Service Thread" daemon [_thread_blocked, id=6612, stack(0x0000003807e00000,0x0000003807f00000)]
  0x000001d4862a33f0 JavaThread "Monitor Deflation Thread" daemon [_thread_blocked, id=3068, stack(0x0000003807f00000,0x0000003808000000)]
=>0x000001d4862a3fd0 JavaThread "C2 CompilerThread0" daemon [_thread_in_native, id=5996, stack(0x0000003808000000,0x0000003808100000)]
  0x000001d4862a6aa0 JavaThread "C1 CompilerThread0" daemon [_thread_blocked, id=3296, stack(0x0000003808100000,0x0000003808200000)]
  0x000001d4862f1c50 JavaThread "Sweeper thread" daemon [_thread_blocked, id=14388, stack(0x0000003808200000,0x0000003808300000)]
  0x000001d48a5b6380 JavaThread "Common-Cleaner" daemon [_thread_blocked, id=1032, stack(0x0000003808300000,0x0000003808400000)]
  0x000001d48a729e10 JavaThread "C2 CompilerThread1" daemon [_thread_blocked, id=15168, stack(0x0000003808400000,0x0000003808500000)]
  0x000001d48a87c910 JavaThread "Monitor Ctrl-Break" daemon [_thread_in_native, id=11316, stack(0x0000003808500000,0x0000003808600000)]
  0x000001d48a87cdd0 JavaThread "Notification Thread" daemon [_thread_blocked, id=11592, stack(0x0000003808600000,0x0000003808700000)]
  0x000001d48b5fb1e0 JavaThread "background-preinit" [_thread_in_vm, id=8916, stack(0x0000003808c00000,0x0000003808d00000)]

Other Threads:
  0x000001d486284610 VMThread "VM Thread" [stack: 0x0000003807900000,0x0000003807a00000] [id=12868]
  0x000001d4e88efed0 WatcherThread "VM Periodic Task Thread" [stack: 0x0000003808700000,0x0000003808800000] [id=1512]
  0x000001d4e894ec20 WorkerThread "GC Thread#0" [stack: 0x0000003807400000,0x0000003807500000] [id=13980]
  0x000001d48ae9c3b0 WorkerThread "GC Thread#1" [stack: 0x0000003808800000,0x0000003808900000] [id=11280]
  0x000001d48ab38d50 WorkerThread "GC Thread#2" [stack: 0x0000003808900000,0x0000003808a00000] [id=1428]
  0x000001d48af8f7d0 WorkerThread "GC Thread#3" [stack: 0x0000003808a00000,0x0000003808b00000] [id=7012]
  0x000001d4e89606f0 ConcurrentGCThread "G1 Main Marker" [stack: 0x0000003807500000,0x0000003807600000] [id=12948]
  0x000001d4e8961790 WorkerThread "G1 Conc#0" [stack: 0x0000003807600000,0x0000003807700000] [id=6892]
  0x000001d4e899e960 ConcurrentGCThread "G1 Refine#0" [stack: 0x0000003807700000,0x0000003807800000] [id=11196]
  0x000001d48ab39400 ConcurrentGCThread "G1 Refine#1" [stack: 0x0000003808b00000,0x0000003808c00000] [id=12136]
  0x000001d486140470 ConcurrentGCThread "G1 Service" [stack: 0x0000003807800000,0x0000003807900000] [id=3856]

Threads with active compile tasks:
C2 CompilerThread0     1315 1654       4       jdk.internal.org.objectweb.asm.Frame::execute (2305 bytes)

VM state: not at safepoint (normal execution)

VM Mutex/Monitor currently owned by a thread:  ([mutex/lock_event])
[0x000001d4e88e8790] Metaspace_lock - owner thread: 0x000001d48b5fb1e0

Heap address: 0x0000000081c00000, size: 2020 MB, Compressed Oops mode: 32-bit

CDS archive(s) mapped at: [0x0000000800000000-0x0000000800ba0000-0x0000000800ba0000), size 12189696, SharedBaseAddress: 0x0000000800000000, ArchiveRelocationMode: 0.
Compressed class space mapped at: 0x0000000800c00000-0x0000000840c00000, reserved size: 1073741824
Narrow klass base: 0x0000000800000000, Narrow klass shift: 0, Narrow klass range: 0x100000000

GC Precious Log:
 CardTable entry size: 512
 Card Set container configuration: InlinePtr #cards 5 size 8 Array Of Cards #cards 12 size 40 Howl #buckets 4 coarsen threshold 1843 Howl Bitmap #cards 512 size 80 coarsen threshold 460 Card regions per heap region 1 cards per card region 2048
 CPUs: 4 total, 4 available
 Memory: 8072M
 Large Page Support: Disabled
 NUMA Support: Disabled
 Compressed Oops: Enabled (32-bit)
 Heap Region Size: 1M
 Heap Min Capacity: 8M
 Heap Initial Capacity: 128M
 Heap Max Capacity: 2020M
 Pre-touch: Disabled
 Parallel Workers: 4
 Concurrent Workers: 1
 Concurrent Refinement Workers: 4
 Periodic GC: Disabled

Heap:
 garbage-first heap   total 131072K, used 20441K [0x0000000081c00000, 0x0000000100000000)
  region size 1024K, 18 young (18432K), 2 survivors (2048K)
 Metaspace       used 11164K, committed 11328K, reserved 1114112K
  class space    used 1378K, committed 1472K, reserved 1048576K

Heap Regions: E=young(eden), S=young(survivor), O=old, HS=humongous(starts), HC=humongous(continues), CS=collection set, F=free, OA=open archive, CA=closed archive, TAMS=top-at-mark-start (previous, next)
|   0|0x0000000081c00000, 0x0000000081d00000, 0x0000000081d00000|100%| O|  |TAMS 0x0000000081c00000, 0x0000000081c00000| Untracked 
|   1|0x0000000081d00000, 0x0000000081e00000, 0x0000000081e00000|100%| O|  |TAMS 0x0000000081d00000, 0x0000000081d00000| Untracked 
|   2|0x0000000081e00000, 0x0000000081f00000, 0x0000000081f00000|100%| O|  |TAMS 0x0000000081e00000, 0x0000000081e00000| Untracked 
|   3|0x0000000081f00000, 0x0000000082000000, 0x0000000082000000|100%| O|  |TAMS 0x0000000081f00000, 0x0000000081f00000| Untracked 
|   4|0x0000000082000000, 0x00000000820d1c00, 0x0000000082100000| 81%| O|  |TAMS 0x0000000082000000, 0x0000000082000000| Untracked 
|   5|0x0000000082100000, 0x0000000082100000, 0x0000000082200000|  0%| F|  |TAMS 0x0000000082100000, 0x0000000082100000| Untracked 
|   6|0x0000000082200000, 0x0000000082200000, 0x0000000082300000|  0%| F|  |TAMS 0x0000000082200000, 0x0000000082200000| Untracked 
|   7|0x0000000082300000, 0x0000000082300000, 0x0000000082400000|  0%| F|  |TAMS 0x0000000082300000, 0x0000000082300000| Untracked 
|   8|0x0000000082400000, 0x0000000082400000, 0x0000000082500000|  0%| F|  |TAMS 0x0000000082400000, 0x0000000082400000| Untracked 
|   9|0x0000000082500000, 0x0000000082500000, 0x0000000082600000|  0%| F|  |TAMS 0x0000000082500000, 0x0000000082500000| Untracked 
|  10|0x0000000082600000, 0x0000000082600000, 0x0000000082700000|  0%| F|  |TAMS 0x0000000082600000, 0x0000000082600000| Untracked 
|  11|0x0000000082700000, 0x0000000082700000, 0x0000000082800000|  0%| F|  |TAMS 0x0000000082700000, 0x0000000082700000| Untracked 
|  12|0x0000000082800000, 0x0000000082800000, 0x0000000082900000|  0%| F|  |TAMS 0x0000000082800000, 0x0000000082800000| Untracked 
|  13|0x0000000082900000, 0x0000000082900000, 0x0000000082a00000|  0%| F|  |TAMS 0x0000000082900000, 0x0000000082900000| Untracked 
|  14|0x0000000082a00000, 0x0000000082a00000, 0x0000000082b00000|  0%| F|  |TAMS 0x0000000082a00000, 0x0000000082a00000| Untracked 
|  15|0x0000000082b00000, 0x0000000082b00000, 0x0000000082c00000|  0%| F|  |TAMS 0x0000000082b00000, 0x0000000082b00000| Untracked 
|  16|0x0000000082c00000, 0x0000000082c00000, 0x0000000082d00000|  0%| F|  |TAMS 0x0000000082c00000, 0x0000000082c00000| Untracked 
|  17|0x0000000082d00000, 0x0000000082d00000, 0x0000000082e00000|  0%| F|  |TAMS 0x0000000082d00000, 0x0000000082d00000| Untracked 
|  18|0x0000000082e00000, 0x0000000082e00000, 0x0000000082f00000|  0%| F|  |TAMS 0x0000000082e00000, 0x0000000082e00000| Untracked 
|  19|0x0000000082f00000, 0x0000000082f00000, 0x0000000083000000|  0%| F|  |TAMS 0x0000000082f00000, 0x0000000082f00000| Untracked 
|  20|0x0000000083000000, 0x0000000083000000, 0x0000000083100000|  0%| F|  |TAMS 0x0000000083000000, 0x0000000083000000| Untracked 
|  21|0x0000000083100000, 0x0000000083100000, 0x0000000083200000|  0%| F|  |TAMS 0x0000000083100000, 0x0000000083100000| Untracked 
|  22|0x0000000083200000, 0x0000000083200000, 0x0000000083300000|  0%| F|  |TAMS 0x0000000083200000, 0x0000000083200000| Untracked 
|  23|0x0000000083300000, 0x0000000083300000, 0x0000000083400000|  0%| F|  |TAMS 0x0000000083300000, 0x0000000083300000| Untracked 
|  24|0x0000000083400000, 0x0000000083400000, 0x0000000083500000|  0%| F|  |TAMS 0x0000000083400000, 0x0000000083400000| Untracked 
|  25|0x0000000083500000, 0x0000000083500000, 0x0000000083600000|  0%| F|  |TAMS 0x0000000083500000, 0x0000000083500000| Untracked 
|  26|0x0000000083600000, 0x0000000083600000, 0x0000000083700000|  0%| F|  |TAMS 0x0000000083600000, 0x0000000083600000| Untracked 
|  27|0x0000000083700000, 0x0000000083700000, 0x0000000083800000|  0%| F|  |TAMS 0x0000000083700000, 0x0000000083700000| Untracked 
|  28|0x0000000083800000, 0x0000000083800000, 0x0000000083900000|  0%| F|  |TAMS 0x0000000083800000, 0x0000000083800000| Untracked 
|  29|0x0000000083900000, 0x0000000083900000, 0x0000000083a00000|  0%| F|  |TAMS 0x0000000083900000, 0x0000000083900000| Untracked 
|  30|0x0000000083a00000, 0x0000000083a00000, 0x0000000083b00000|  0%| F|  |TAMS 0x0000000083a00000, 0x0000000083a00000| Untracked 
|  31|0x0000000083b00000, 0x0000000083b00000, 0x0000000083c00000|  0%| F|  |TAMS 0x0000000083b00000, 0x0000000083b00000| Untracked 
|  32|0x0000000083c00000, 0x0000000083c00000, 0x0000000083d00000|  0%| F|  |TAMS 0x0000000083c00000, 0x0000000083c00000| Untracked 
|  33|0x0000000083d00000, 0x0000000083d00000, 0x0000000083e00000|  0%| F|  |TAMS 0x0000000083d00000, 0x0000000083d00000| Untracked 
|  34|0x0000000083e00000, 0x0000000083e00000, 0x0000000083f00000|  0%| F|  |TAMS 0x0000000083e00000, 0x0000000083e00000| Untracked 
|  35|0x0000000083f00000, 0x0000000083f00000, 0x0000000084000000|  0%| F|  |TAMS 0x0000000083f00000, 0x0000000083f00000| Untracked 
|  36|0x0000000084000000, 0x0000000084000000, 0x0000000084100000|  0%| F|  |TAMS 0x0000000084000000, 0x0000000084000000| Untracked 
|  37|0x0000000084100000, 0x0000000084100000, 0x0000000084200000|  0%| F|  |TAMS 0x0000000084100000, 0x0000000084100000| Untracked 
|  38|0x0000000084200000, 0x0000000084200000, 0x0000000084300000|  0%| F|  |TAMS 0x0000000084200000, 0x0000000084200000| Untracked 
|  39|0x0000000084300000, 0x0000000084300000, 0x0000000084400000|  0%| F|  |TAMS 0x0000000084300000, 0x0000000084300000| Untracked 
|  40|0x0000000084400000, 0x0000000084400000, 0x0000000084500000|  0%| F|  |TAMS 0x0000000084400000, 0x0000000084400000| Untracked 
|  41|0x0000000084500000, 0x0000000084500000, 0x0000000084600000|  0%| F|  |TAMS 0x0000000084500000, 0x0000000084500000| Untracked 
|  42|0x0000000084600000, 0x0000000084600000, 0x0000000084700000|  0%| F|  |TAMS 0x0000000084600000, 0x0000000084600000| Untracked 
|  43|0x0000000084700000, 0x0000000084700000, 0x0000000084800000|  0%| F|  |TAMS 0x0000000084700000, 0x0000000084700000| Untracked 
|  44|0x0000000084800000, 0x0000000084800000, 0x0000000084900000|  0%| F|  |TAMS 0x0000000084800000, 0x0000000084800000| Untracked 
|  45|0x0000000084900000, 0x0000000084900000, 0x0000000084a00000|  0%| F|  |TAMS 0x0000000084900000, 0x0000000084900000| Untracked 
|  46|0x0000000084a00000, 0x0000000084a00000, 0x0000000084b00000|  0%| F|  |TAMS 0x0000000084a00000, 0x0000000084a00000| Untracked 
|  47|0x0000000084b00000, 0x0000000084b00000, 0x0000000084c00000|  0%| F|  |TAMS 0x0000000084b00000, 0x0000000084b00000| Untracked 
|  48|0x0000000084c00000, 0x0000000084c00000, 0x0000000084d00000|  0%| F|  |TAMS 0x0000000084c00000, 0x0000000084c00000| Untracked 
|  49|0x0000000084d00000, 0x0000000084d00000, 0x0000000084e00000|  0%| F|  |TAMS 0x0000000084d00000, 0x0000000084d00000| Untracked 
|  50|0x0000000084e00000, 0x0000000084e00000, 0x0000000084f00000|  0%| F|  |TAMS 0x0000000084e00000, 0x0000000084e00000| Untracked 
|  51|0x0000000084f00000, 0x0000000084f00000, 0x0000000085000000|  0%| F|  |TAMS 0x0000000084f00000, 0x0000000084f00000| Untracked 
|  52|0x0000000085000000, 0x0000000085000000, 0x0000000085100000|  0%| F|  |TAMS 0x0000000085000000, 0x0000000085000000| Untracked 
|  53|0x0000000085100000, 0x0000000085100000, 0x0000000085200000|  0%| F|  |TAMS 0x0000000085100000, 0x0000000085100000| Untracked 
|  54|0x0000000085200000, 0x0000000085200000, 0x0000000085300000|  0%| F|  |TAMS 0x0000000085200000, 0x0000000085200000| Untracked 
|  55|0x0000000085300000, 0x0000000085300000, 0x0000000085400000|  0%| F|  |TAMS 0x0000000085300000, 0x0000000085300000| Untracked 
|  56|0x0000000085400000, 0x0000000085400000, 0x0000000085500000|  0%| F|  |TAMS 0x0000000085400000, 0x0000000085400000| Untracked 
|  57|0x0000000085500000, 0x0000000085500000, 0x0000000085600000|  0%| F|  |TAMS 0x0000000085500000, 0x0000000085500000| Untracked 
|  58|0x0000000085600000, 0x0000000085600000, 0x0000000085700000|  0%| F|  |TAMS 0x0000000085600000, 0x0000000085600000| Untracked 
|  59|0x0000000085700000, 0x0000000085700000, 0x0000000085800000|  0%| F|  |TAMS 0x0000000085700000, 0x0000000085700000| Untracked 
|  60|0x0000000085800000, 0x0000000085800000, 0x0000000085900000|  0%| F|  |TAMS 0x0000000085800000, 0x0000000085800000| Untracked 
|  61|0x0000000085900000, 0x0000000085900000, 0x0000000085a00000|  0%| F|  |TAMS 0x0000000085900000, 0x0000000085900000| Untracked 
|  62|0x0000000085a00000, 0x0000000085a00000, 0x0000000085b00000|  0%| F|  |TAMS 0x0000000085a00000, 0x0000000085a00000| Untracked 
|  63|0x0000000085b00000, 0x0000000085b00000, 0x0000000085c00000|  0%| F|  |TAMS 0x0000000085b00000, 0x0000000085b00000| Untracked 
|  64|0x0000000085c00000, 0x0000000085c00000, 0x0000000085d00000|  0%| F|  |TAMS 0x0000000085c00000, 0x0000000085c00000| Untracked 
|  65|0x0000000085d00000, 0x0000000085d00000, 0x0000000085e00000|  0%| F|  |TAMS 0x0000000085d00000, 0x0000000085d00000| Untracked 
|  66|0x0000000085e00000, 0x0000000085e00000, 0x0000000085f00000|  0%| F|  |TAMS 0x0000000085e00000, 0x0000000085e00000| Untracked 
|  67|0x0000000085f00000, 0x0000000085f00000, 0x0000000086000000|  0%| F|  |TAMS 0x0000000085f00000, 0x0000000085f00000| Untracked 
|  68|0x0000000086000000, 0x0000000086000000, 0x0000000086100000|  0%| F|  |TAMS 0x0000000086000000, 0x0000000086000000| Untracked 
|  69|0x0000000086100000, 0x0000000086100000, 0x0000000086200000|  0%| F|  |TAMS 0x0000000086100000, 0x0000000086100000| Untracked 
|  70|0x0000000086200000, 0x0000000086200000, 0x0000000086300000|  0%| F|  |TAMS 0x0000000086200000, 0x0000000086200000| Untracked 
|  71|0x0000000086300000, 0x0000000086300000, 0x0000000086400000|  0%| F|  |TAMS 0x0000000086300000, 0x0000000086300000| Untracked 
|  72|0x0000000086400000, 0x0000000086400000, 0x0000000086500000|  0%| F|  |TAMS 0x0000000086400000, 0x0000000086400000| Untracked 
|  73|0x0000000086500000, 0x0000000086500000, 0x0000000086600000|  0%| F|  |TAMS 0x0000000086500000, 0x0000000086500000| Untracked 
|  74|0x0000000086600000, 0x0000000086600000, 0x0000000086700000|  0%| F|  |TAMS 0x0000000086600000, 0x0000000086600000| Untracked 
|  75|0x0000000086700000, 0x0000000086700000, 0x0000000086800000|  0%| F|  |TAMS 0x0000000086700000, 0x0000000086700000| Untracked 
|  76|0x0000000086800000, 0x0000000086800000, 0x0000000086900000|  0%| F|  |TAMS 0x0000000086800000, 0x0000000086800000| Untracked 
|  77|0x0000000086900000, 0x0000000086900000, 0x0000000086a00000|  0%| F|  |TAMS 0x0000000086900000, 0x0000000086900000| Untracked 
|  78|0x0000000086a00000, 0x0000000086a00000, 0x0000000086b00000|  0%| F|  |TAMS 0x0000000086a00000, 0x0000000086a00000| Untracked 
|  79|0x0000000086b00000, 0x0000000086b00000, 0x0000000086c00000|  0%| F|  |TAMS 0x0000000086b00000, 0x0000000086b00000| Untracked 
|  80|0x0000000086c00000, 0x0000000086c00000, 0x0000000086d00000|  0%| F|  |TAMS 0x0000000086c00000, 0x0000000086c00000| Untracked 
|  81|0x0000000086d00000, 0x0000000086d00000, 0x0000000086e00000|  0%| F|  |TAMS 0x0000000086d00000, 0x0000000086d00000| Untracked 
|  82|0x0000000086e00000, 0x0000000086e00000, 0x0000000086f00000|  0%| F|  |TAMS 0x0000000086e00000, 0x0000000086e00000| Untracked 
|  83|0x0000000086f00000, 0x0000000086f00000, 0x0000000087000000|  0%| F|  |TAMS 0x0000000086f00000, 0x0000000086f00000| Untracked 
|  84|0x0000000087000000, 0x0000000087000000, 0x0000000087100000|  0%| F|  |TAMS 0x0000000087000000, 0x0000000087000000| Untracked 
|  85|0x0000000087100000, 0x0000000087100000, 0x0000000087200000|  0%| F|  |TAMS 0x0000000087100000, 0x0000000087100000| Untracked 
|  86|0x0000000087200000, 0x0000000087200000, 0x0000000087300000|  0%| F|  |TAMS 0x0000000087200000, 0x0000000087200000| Untracked 
|  87|0x0000000087300000, 0x0000000087300000, 0x0000000087400000|  0%| F|  |TAMS 0x0000000087300000, 0x0000000087300000| Untracked 
|  88|0x0000000087400000, 0x0000000087400000, 0x0000000087500000|  0%| F|  |TAMS 0x0000000087400000, 0x0000000087400000| Untracked 
|  89|0x0000000087500000, 0x0000000087500000, 0x0000000087600000|  0%| F|  |TAMS 0x0000000087500000, 0x0000000087500000| Untracked 
|  90|0x0000000087600000, 0x0000000087600000, 0x0000000087700000|  0%| F|  |TAMS 0x0000000087600000, 0x0000000087600000| Untracked 
|  91|0x0000000087700000, 0x0000000087700000, 0x0000000087800000|  0%| F|  |TAMS 0x0000000087700000, 0x0000000087700000| Untracked 
|  92|0x0000000087800000, 0x0000000087800000, 0x0000000087900000|  0%| F|  |TAMS 0x0000000087800000, 0x0000000087800000| Untracked 
|  93|0x0000000087900000, 0x0000000087900000, 0x0000000087a00000|  0%| F|  |TAMS 0x0000000087900000, 0x0000000087900000| Untracked 
|  94|0x0000000087a00000, 0x0000000087a00000, 0x0000000087b00000|  0%| F|  |TAMS 0x0000000087a00000, 0x0000000087a00000| Untracked 
|  95|0x0000000087b00000, 0x0000000087b00000, 0x0000000087c00000|  0%| F|  |TAMS 0x0000000087b00000, 0x0000000087b00000| Untracked 
|  96|0x0000000087c00000, 0x0000000087c00000, 0x0000000087d00000|  0%| F|  |TAMS 0x0000000087c00000, 0x0000000087c00000| Untracked 
|  97|0x0000000087d00000, 0x0000000087d00000, 0x0000000087e00000|  0%| F|  |TAMS 0x0000000087d00000, 0x0000000087d00000| Untracked 
|  98|0x0000000087e00000, 0x0000000087e00000, 0x0000000087f00000|  0%| F|  |TAMS 0x0000000087e00000, 0x0000000087e00000| Untracked 
|  99|0x0000000087f00000, 0x0000000087f00000, 0x0000000088000000|  0%| F|  |TAMS 0x0000000087f00000, 0x0000000087f00000| Untracked 
| 100|0x0000000088000000, 0x0000000088000000, 0x0000000088100000|  0%| F|  |TAMS 0x0000000088000000, 0x0000000088000000| Untracked 
| 101|0x0000000088100000, 0x0000000088100000, 0x0000000088200000|  0%| F|  |TAMS 0x0000000088100000, 0x0000000088100000| Untracked 
| 102|0x0000000088200000, 0x0000000088200000, 0x0000000088300000|  0%| F|  |TAMS 0x0000000088200000, 0x0000000088200000| Untracked 
| 103|0x0000000088300000, 0x0000000088300000, 0x0000000088400000|  0%| F|  |TAMS 0x0000000088300000, 0x0000000088300000| Untracked 
| 104|0x0000000088400000, 0x0000000088400000, 0x0000000088500000|  0%| F|  |TAMS 0x0000000088400000, 0x0000000088400000| Untracked 
| 105|0x0000000088500000, 0x0000000088500000, 0x0000000088600000|  0%| F|  |TAMS 0x0000000088500000, 0x0000000088500000| Untracked 
| 106|0x0000000088600000, 0x0000000088600000, 0x0000000088700000|  0%| F|  |TAMS 0x0000000088600000, 0x0000000088600000| Untracked 
| 107|0x0000000088700000, 0x0000000088700000, 0x0000000088800000|  0%| F|  |TAMS 0x0000000088700000, 0x0000000088700000| Untracked 
| 108|0x0000000088800000, 0x0000000088800000, 0x0000000088900000|  0%| F|  |TAMS 0x0000000088800000, 0x0000000088800000| Untracked 
| 109|0x0000000088900000, 0x0000000088900000, 0x0000000088a00000|  0%| F|  |TAMS 0x0000000088900000, 0x0000000088900000| Untracked 
| 110|0x0000000088a00000, 0x0000000088ada128, 0x0000000088b00000| 85%| E|  |TAMS 0x0000000088a00000, 0x0000000088a00000| Complete 
| 111|0x0000000088b00000, 0x0000000088c00000, 0x0000000088c00000|100%| E|CS|TAMS 0x0000000088b00000, 0x0000000088b00000| Complete 
| 112|0x0000000088c00000, 0x0000000088d00000, 0x0000000088d00000|100%| E|CS|TAMS 0x0000000088c00000, 0x0000000088c00000| Complete 
| 113|0x0000000088d00000, 0x0000000088e00000, 0x0000000088e00000|100%| E|CS|TAMS 0x0000000088d00000, 0x0000000088d00000| Complete 
| 114|0x0000000088e00000, 0x0000000088f00000, 0x0000000088f00000|100%| E|CS|TAMS 0x0000000088e00000, 0x0000000088e00000| Complete 
| 115|0x0000000088f00000, 0x0000000089000000, 0x0000000089000000|100%| E|CS|TAMS 0x0000000088f00000, 0x0000000088f00000| Complete 
| 116|0x0000000089000000, 0x0000000089024810, 0x0000000089100000| 14%| S|CS|TAMS 0x0000000089000000, 0x0000000089000000| Complete 
| 117|0x0000000089100000, 0x0000000089200000, 0x0000000089200000|100%| S|CS|TAMS 0x0000000089100000, 0x0000000089100000| Complete 
| 118|0x0000000089200000, 0x0000000089300000, 0x0000000089300000|100%| E|CS|TAMS 0x0000000089200000, 0x0000000089200000| Complete 
| 119|0x0000000089300000, 0x0000000089400000, 0x0000000089400000|100%| E|CS|TAMS 0x0000000089300000, 0x0000000089300000| Complete 
| 120|0x0000000089400000, 0x0000000089500000, 0x0000000089500000|100%| E|CS|TAMS 0x0000000089400000, 0x0000000089400000| Complete 
| 121|0x0000000089500000, 0x0000000089600000, 0x0000000089600000|100%| E|CS|TAMS 0x0000000089500000, 0x0000000089500000| Complete 
| 122|0x0000000089600000, 0x0000000089700000, 0x0000000089700000|100%| E|  |TAMS 0x0000000089600000, 0x0000000089600000| Complete 
| 123|0x0000000089700000, 0x0000000089800000, 0x0000000089800000|100%| E|CS|TAMS 0x0000000089700000, 0x0000000089700000| Complete 
| 124|0x0000000089800000, 0x0000000089900000, 0x0000000089900000|100%| E|CS|TAMS 0x0000000089800000, 0x0000000089800000| Complete 
| 125|0x0000000089900000, 0x0000000089a00000, 0x0000000089a00000|100%| E|CS|TAMS 0x0000000089900000, 0x0000000089900000| Complete 
| 126|0x0000000089a00000, 0x0000000089b00000, 0x0000000089b00000|100%| E|CS|TAMS 0x0000000089a00000, 0x0000000089a00000| Complete 
| 127|0x0000000089b00000, 0x0000000089c00000, 0x0000000089c00000|100%| E|CS|TAMS 0x0000000089b00000, 0x0000000089b00000| Complete 

Card table byte_map: [0x000001d4ff610000,0x000001d4ffa10000] _byte_map_base: 0x000001d4ff202000

Marking Bits (Prev, Next): (CMBitMap*) 0x000001d4e8950140, (CMBitMap*) 0x000001d4e8950180
 Prev Bits: [0x000001d480000000, 0x000001d481f90000)
 Next Bits: [0x000001d481f90000, 0x000001d483f20000)

Polling page: 0x000001d4e6780000

Metaspace:

Usage:
  Non-class:      9.56 MB used.
      Class:      1.35 MB used.
       Both:     10.90 MB used.

Virtual space:
  Non-class space:       64.00 MB reserved,       9.63 MB ( 15%) committed,  1 nodes.
      Class space:        1.00 GB reserved,       1.44 MB ( <1%) committed,  1 nodes.
             Both:        1.06 GB reserved,      11.06 MB (  1%) committed. 

Chunk freelists:
   Non-Class:  2.05 MB
       Class:  2.47 MB
        Both:  4.52 MB

MaxMetaspaceSize: unlimited
CompressedClassSpaceSize: 1.00 GB
Initial GC threshold: 21.00 MB
Current GC threshold: 21.00 MB
CDS: on
MetaspaceReclaimPolicy: balanced
 - commit_granule_bytes: 65536.
 - commit_granule_words: 8192.
 - virtual_space_node_default_size: 8388608.
 - enlarge_chunks_in_place: 1.
 - new_chunks_are_fully_committed: 0.
 - uncommit_free_chunks: 1.
 - use_allocation_guard: 0.


Internal statistics:

num_allocs_failed_limit: 0.
num_arena_births: 152.
num_arena_deaths: 0.
num_vsnodes_births: 2.
num_vsnodes_deaths: 0.
num_space_committed: 177.
num_space_uncommitted: 0.
num_chunks_returned_to_freelist: 0.
num_chunks_taken_from_freelist: 497.
num_chunk_merges: 0.
num_chunk_splits: 319.
num_chunks_enlarged: 250.
num_inconsistent_stats: 0.

CodeHeap 'non-profiled nmethods': size=120000Kb used=564Kb max_used=564Kb free=119435Kb
 bounds [0x000001d4f7ce0000, 0x000001d4f7f50000, 0x000001d4ff210000]
CodeHeap 'profiled nmethods': size=120000Kb used=3116Kb max_used=3116Kb free=116883Kb
 bounds [0x000001d4f07b0000, 0x000001d4f0ac0000, 0x000001d4f7ce0000]
CodeHeap 'non-nmethods': size=5760Kb used=1183Kb max_used=1216Kb free=4576Kb
 bounds [0x000001d4f0210000, 0x000001d4f0480000, 0x000001d4f07b0000]
 total_blobs=2156 nmethods=1688 adapters=380
 compilation: enabled
              stopped_count=0, restarted_count=0
 full_count=0

Compilation events (20 events):
Event: 1.280 Thread 0x000001d4862a6aa0 1658       3       java.nio.HeapByteBuffer::ix (7 bytes)
Event: 1.281 Thread 0x000001d4862a6aa0 nmethod 1658 0x000001d4f0aa5210 code [0x000001d4f0aa53a0, 0x000001d4f0aa54b8]
Event: 1.281 Thread 0x000001d4862a6aa0 1659       3       java.lang.reflect.Constructor::newInstanceWithCaller (51 bytes)
Event: 1.281 Thread 0x000001d4862a6aa0 nmethod 1659 0x000001d4f0aa5590 code [0x000001d4f0aa5760, 0x000001d4f0aa5a28]
Event: 1.281 Thread 0x000001d4862a6aa0 1660   !   3       jdk.internal.reflect.DirectConstructorHandleAccessor::newInstance (148 bytes)
Event: 1.283 Thread 0x000001d4862a6aa0 nmethod 1660 0x000001d4f0aa5b90 code [0x000001d4f0aa60e0, 0x000001d4f0aa9068]
Event: 1.283 Thread 0x000001d4862a6aa0 1666       3       java.util.ArrayList::indexOfRange (71 bytes)
Event: 1.284 Thread 0x000001d4862a6aa0 nmethod 1666 0x000001d4f0aaa610 code [0x000001d4f0aaa7e0, 0x000001d4f0aaaca8]
Event: 1.284 Thread 0x000001d4862a6aa0 1664       3       java.util.ArrayList::contains (14 bytes)
Event: 1.284 Thread 0x000001d4862a6aa0 nmethod 1664 0x000001d4f0aaae90 code [0x000001d4f0aab040, 0x000001d4f0aab268]
Event: 1.284 Thread 0x000001d4862a6aa0 1665       3       java.util.ArrayList::indexOf (11 bytes)
Event: 1.284 Thread 0x000001d4862a6aa0 nmethod 1665 0x000001d4f0aab390 code [0x000001d4f0aab540, 0x000001d4f0aab688]
Event: 1.284 Thread 0x000001d4862a6aa0 1661       3       java.lang.invoke.MethodHandles$Lookup$ClassFile::<init> (20 bytes)
Event: 1.284 Thread 0x000001d4862a6aa0 nmethod 1661 0x000001d4f0aab710 code [0x000001d4f0aab8c0, 0x000001d4f0aabaf8]
Event: 1.284 Thread 0x000001d4862a6aa0 1662       3       java.lang.invoke.MethodHandles$Lookup::makeHiddenClassDefiner (42 bytes)
Event: 1.285 Thread 0x000001d4862a6aa0 nmethod 1662 0x000001d4f0aabb90 code [0x000001d4f0aabda0, 0x000001d4f0aac478]
Event: 1.285 Thread 0x000001d4862a6aa0 1663       1       java.util.Collections$SingletonList::size (2 bytes)
Event: 1.285 Thread 0x000001d4862a6aa0 nmethod 1663 0x000001d4f7d68e10 code [0x000001d4f7d68fa0, 0x000001d4f7d69078]
Event: 1.287 Thread 0x000001d4862a6aa0 1667       3       java.util.Arrays::asList (9 bytes)
Event: 1.287 Thread 0x000001d4862a6aa0 nmethod 1667 0x000001d4f0aac710 code [0x000001d4f0aac8e0, 0x000001d4f0aacd68]

GC Heap History (4 events):
Event: 0.622 GC heap before
{Heap before GC invocations=0 (full 0):
 garbage-first heap   total 131072K, used 12288K [0x0000000081c00000, 0x0000000100000000)
  region size 1024K, 13 young (13312K), 0 survivors (0K)
 Metaspace       used 3795K, committed 3904K, reserved 1114112K
  class space    used 387K, committed 448K, reserved 1048576K
}
Event: 0.630 GC heap after
{Heap after GC invocations=1 (full 0):
 garbage-first heap   total 131072K, used 4830K [0x0000000081c00000, 0x0000000100000000)
  region size 1024K, 2 young (2048K), 2 survivors (2048K)
 Metaspace       used 3795K, committed 3904K, reserved 1114112K
  class space    used 387K, committed 448K, reserved 1048576K
}
Event: 0.975 GC heap before
{Heap before GC invocations=1 (full 0):
 garbage-first heap   total 131072K, used 15070K [0x0000000081c00000, 0x0000000100000000)
  region size 1024K, 12 young (12288K), 2 survivors (2048K)
 Metaspace       used 6675K, committed 6912K, reserved 1114112K
  class space    used 781K, committed 896K, reserved 1048576K
}
Event: 0.979 GC heap after
{Heap after GC invocations=2 (full 0):
 garbage-first heap   total 131072K, used 6105K [0x0000000081c00000, 0x0000000100000000)
  region size 1024K, 2 young (2048K), 2 survivors (2048K)
 Metaspace       used 6675K, committed 6912K, reserved 1114112K
  class space    used 781K, committed 896K, reserved 1048576K
}

Deoptimization events (20 events):
Event: 1.201 Thread 0x000001d48b5fb1e0 DEOPT PACKING pc=0x000001d4f7d21b68 sp=0x0000003808cfb750
Event: 1.201 Thread 0x000001d48b5fb1e0 DEOPT UNPACKING pc=0x000001d4f02623a3 sp=0x0000003808cfb6b8 mode 2
Event: 1.209 Thread 0x000001d48b5fb1e0 DEOPT PACKING pc=0x000001d4f0a61181 sp=0x0000003808cfbda0
Event: 1.209 Thread 0x000001d48b5fb1e0 DEOPT UNPACKING pc=0x000001d4f0262b43 sp=0x0000003808cfb2a8 mode 0
Event: 1.211 Thread 0x000001d4e88eef30 Uncommon trap: trap_request=0xffffff45 fr.pc=0x000001d4f7d5c2c8 relative=0x00000000000002a8
Event: 1.211 Thread 0x000001d4e88eef30 Uncommon trap: reason=unstable_if action=reinterpret pc=0x000001d4f7d5c2c8 method=org.springframework.util.ConcurrentReferenceHashMap$Segment.restructureIfNecessary(Z)V @ 21 c2
Event: 1.211 Thread 0x000001d4e88eef30 DEOPT PACKING pc=0x000001d4f7d5c2c8 sp=0x00000038073fec90
Event: 1.211 Thread 0x000001d4e88eef30 DEOPT UNPACKING pc=0x000001d4f02623a3 sp=0x00000038073fec60 mode 2
Event: 1.226 Thread 0x000001d4e88eef30 DEOPT PACKING pc=0x000001d4f0a61181 sp=0x00000038073f9ed0
Event: 1.226 Thread 0x000001d4e88eef30 DEOPT UNPACKING pc=0x000001d4f0262b43 sp=0x00000038073f93d8 mode 0
Event: 1.229 Thread 0x000001d4e88eef30 Uncommon trap: trap_request=0xffffff45 fr.pc=0x000001d4f7d21b84 relative=0x00000000000002c4
Event: 1.229 Thread 0x000001d4e88eef30 Uncommon trap: reason=unstable_if action=reinterpret pc=0x000001d4f7d21b84 method=java.util.HashMap.hash(Ljava/lang/Object;)I @ 1 c2
Event: 1.229 Thread 0x000001d4e88eef30 DEOPT PACKING pc=0x000001d4f7d21b84 sp=0x00000038073fe810
Event: 1.229 Thread 0x000001d4e88eef30 DEOPT UNPACKING pc=0x000001d4f02623a3 sp=0x00000038073fe708 mode 2
Event: 1.239 Thread 0x000001d4e88eef30 DEOPT PACKING pc=0x000001d4f0a61181 sp=0x00000038073fe230
Event: 1.239 Thread 0x000001d4e88eef30 DEOPT UNPACKING pc=0x000001d4f0262b43 sp=0x00000038073fd738 mode 0
Event: 1.263 Thread 0x000001d4e88eef30 Uncommon trap: trap_request=0xffffff45 fr.pc=0x000001d4f7d44014 relative=0x00000000000002f4
Event: 1.263 Thread 0x000001d4e88eef30 Uncommon trap: reason=unstable_if action=reinterpret pc=0x000001d4f7d44014 method=jdk.internal.org.objectweb.asm.SymbolTable.put(Ljdk/internal/org/objectweb/asm/SymbolTable$Entry;)Ljdk/internal/org/objectweb/asm/SymbolTable$Entry; @ 13 c2
Event: 1.263 Thread 0x000001d4e88eef30 DEOPT PACKING pc=0x000001d4f7d44014 sp=0x00000038073fd4d0
Event: 1.263 Thread 0x000001d4e88eef30 DEOPT UNPACKING pc=0x000001d4f02623a3 sp=0x00000038073fd450 mode 2

Classes loaded (20 events):
Event: 1.234 Loading class org/xml/sax/SAXParseException
Event: 1.234 Loading class org/xml/sax/SAXParseException done
Event: 1.234 Loading class javax/xml/parsers/ParserConfigurationException
Event: 1.234 Loading class javax/xml/parsers/ParserConfigurationException done
Event: 1.234 Loading class org/xml/sax/EntityResolver
Event: 1.234 Loading class org/xml/sax/EntityResolver done
Event: 1.236 Loading class java/lang/invoke/DirectMethodHandle$StaticAccessor
Event: 1.236 Loading class java/lang/invoke/DirectMethodHandle$StaticAccessor done
Event: 1.236 Loading class jdk/internal/reflect/MethodHandleIntegerFieldAccessorImpl
Event: 1.236 Loading class jdk/internal/reflect/MethodHandleIntegerFieldAccessorImpl done
Event: 1.238 Loading class java/util/regex/Pattern$BnM
Event: 1.238 Loading class java/util/regex/Pattern$BnM done
Event: 1.240 Loading class java/io/CharConversionException
Event: 1.240 Loading class java/io/CharConversionException done
Event: 1.259 Loading class java/lang/annotation/Repeatable
Event: 1.259 Loading class java/lang/annotation/Repeatable done
Event: 1.278 Loading class java/util/OptionalDouble
Event: 1.278 Loading class java/util/OptionalDouble done
Event: 1.278 Loading class java/util/OptionalLong
Event: 1.278 Loading class java/util/OptionalLong done

Classes unloaded (0 events):
No events

Classes redefined (0 events):
No events

Internal exceptions (20 events):
Event: 0.868 Thread 0x000001d4e88eef30 Exception <a 'java/lang/NoSuchMethodError'{0x00000000895c5920}: 'java.lang.Object java.lang.invoke.DirectMethodHandle$Holder.newInvokeSpecial(java.lang.Object, java.lang.Object, java.lang.Object, java.lang.Object, java.lang.Object, java.lang.Object)'> (0x00000000895c5920) 
thrown [s\open\src\hotspot\share\interpreter\linkResolver.cpp, line 759]
Event: 0.890 Thread 0x000001d4e88eef30 Exception <a 'java/lang/NoSuchMethodError'{0x0000000089474920}: 'java.lang.Object java.lang.invoke.DirectMethodHandle$Holder.invokeSpecial(java.lang.Object, java.lang.Object, java.lang.Object, java.lang.Object, java.lang.Object, java.lang.Object, int)'> (0x0000000089474920) 
thrown [s\open\src\hotspot\share\interpreter\linkResolver.cpp, line 759]
Event: 0.891 Thread 0x000001d4e88eef30 Exception <a 'java/lang/NoSuchMethodError'{0x000000008947ee78}: 'java.lang.Object java.lang.invoke.DirectMethodHandle$Holder.newInvokeSpecial(java.lang.Object, java.lang.Object, java.lang.Object, java.lang.Object, java.lang.Object, java.lang.Object, int)'> (0x000000008947ee78) 
thrown [s\open\src\hotspot\share\interpreter\linkResolver.cpp, line 759]
Event: 0.892 Thread 0x000001d4e88eef30 Exception <a 'java/lang/NoSuchMethodError'{0x0000000089483ec8}: 'java.lang.Object java.lang.invoke.DirectMethodHandle$Holder.invokeSpecial(java.lang.Object, java.lang.Object, java.lang.Object, java.lang.Object, java.lang.Object, java.lang.Object, java.lang.Object, int)'> (0x0000000089483ec8) 
thrown [s\open\src\hotspot\share\interpreter\linkResolver.cpp, line 759]
Event: 0.945 Thread 0x000001d4e88eef30 Exception <a 'java/lang/NoSuchMethodError'{0x000000008922a618}: 'java.lang.Object java.lang.invoke.DirectMethodHandle$Holder.invokeInterface(java.lang.Object, java.lang.Object)'> (0x000000008922a618) 
thrown [s\open\src\hotspot\share\interpreter\linkResolver.cpp, line 759]
Event: 0.953 Thread 0x000001d4e88eef30 Exception <a 'java/lang/NoSuchMethodError'{0x000000008926af28}: 'java.lang.Object java.lang.invoke.DirectMethodHandle$Holder.invokeSpecial(java.lang.Object, java.lang.Object, java.lang.Object, int, java.lang.Object)'> (0x000000008926af28) 
thrown [s\open\src\hotspot\share\interpreter\linkResolver.cpp, line 759]
Event: 0.954 Thread 0x000001d4e88eef30 Exception <a 'java/lang/NoSuchMethodError'{0x00000000892738c8}: 'java.lang.Object java.lang.invoke.DirectMethodHandle$Holder.newInvokeSpecial(java.lang.Object, java.lang.Object, java.lang.Object, int, java.lang.Object)'> (0x00000000892738c8) 
thrown [s\open\src\hotspot\share\interpreter\linkResolver.cpp, line 759]
Event: 0.955 Thread 0x000001d4e88eef30 Exception <a 'java/lang/NoSuchMethodError'{0x000000008927b2a8}: 'java.lang.Object java.lang.invoke.Invokers$Holder.linkToTargetMethod(java.lang.Object, java.lang.Object, int, java.lang.Object, java.lang.Object)'> (0x000000008927b2a8) 
thrown [s\open\src\hotspot\share\interpreter\linkResolver.cpp, line 759]
Event: 0.957 Thread 0x000001d4e88eef30 Exception <a 'java/lang/NoSuchMethodError'{0x0000000089289af0}: 'java.lang.Object java.lang.invoke.DirectMethodHandle$Holder.newInvokeSpecial(java.lang.Object, int, java.lang.Object)'> (0x0000000089289af0) 
thrown [s\open\src\hotspot\share\interpreter\linkResolver.cpp, line 759]
Event: 0.957 Thread 0x000001d4e88eef30 Exception <a 'java/lang/NoSuchMethodError'{0x000000008928e7e0}: 'int java.lang.invoke.DirectMethodHandle$Holder.invokeSpecialIFC(java.lang.Object, java.lang.Object, java.lang.Object, java.lang.Object)'> (0x000000008928e7e0) 
thrown [s\open\src\hotspot\share\interpreter\linkResolver.cpp, line 759]
Event: 0.996 Thread 0x000001d4e88eef30 Exception <a 'java/lang/NoSuchMethodError'{0x0000000089b61288}: 'void java.lang.invoke.DirectMethodHandle$Holder.invokeInterface(java.lang.Object, java.lang.Object, java.lang.Object)'> (0x0000000089b61288) 
thrown [s\open\src\hotspot\share\interpreter\linkResolver.cpp, line 759]
Event: 1.013 Thread 0x000001d4e88eef30 Exception <a 'java/lang/NoSuchMethodError'{0x0000000089bc7760}: 'void java.lang.invoke.DirectMethodHandle$Holder.invokeStaticInit(java.lang.Object, java.lang.Object)'> (0x0000000089bc7760) 
thrown [s\open\src\hotspot\share\interpreter\linkResolver.cpp, line 759]
Event: 1.015 Thread 0x000001d4e88eef30 Exception <a 'java/lang/NoSuchMethodError'{0x0000000089bd31a0}: 'void java.lang.invoke.DirectMethodHandle$Holder.invokeStaticInit(java.lang.Object, java.lang.Object, java.lang.Object)'> (0x0000000089bd31a0) 
thrown [s\open\src\hotspot\share\interpreter\linkResolver.cpp, line 759]
Event: 1.077 Thread 0x000001d4e88eef30 Exception <a 'java/lang/NoSuchMethodError'{0x0000000089972108}: 'void java.lang.invoke.DirectMethodHandle$Holder.invokeVirtual(java.lang.Object, java.lang.Object, java.lang.Object, java.lang.Object)'> (0x0000000089972108) 
thrown [s\open\src\hotspot\share\interpreter\linkResolver.cpp, line 759]
Event: 1.108 Thread 0x000001d4e88eef30 Exception <a 'java/lang/NoSuchMethodError'{0x000000008988a538}: 'void java.lang.invoke.DirectMethodHandle$Holder.invokeSpecial(java.lang.Object, java.lang.Object, java.lang.Object)'> (0x000000008988a538) 
thrown [s\open\src\hotspot\share\interpreter\linkResolver.cpp, line 759]
Event: 1.109 Thread 0x000001d4e88eef30 Exception <a 'java/lang/NoSuchMethodError'{0x0000000089890be8}: 'void java.lang.invoke.DirectMethodHandle$Holder.invokeSpecial(java.lang.Object, java.lang.Object, java.lang.Object, java.lang.Object, java.lang.Object)'> (0x0000000089890be8) 
thrown [s\open\src\hotspot\share\interpreter\linkResolver.cpp, line 759]
Event: 1.186 Thread 0x000001d48b5fb1e0 Exception <a 'java/lang/NoSuchMethodError'{0x0000000089337b68}: 'void java.lang.invoke.DirectMethodHandle$Holder.invokeInterface(java.lang.Object, java.lang.Object, java.lang.Object, java.lang.Object)'> (0x0000000089337b68) 
thrown [s\open\src\hotspot\share\interpreter\linkResolver.cpp, line 759]
Event: 1.227 Thread 0x000001d4e88eef30 Exception <a 'java/lang/NoSuchMethodError'{0x0000000088fcae58}: 'org.slf4j.impl.StaticMDCBinder org.slf4j.impl.StaticMDCBinder.getSingleton()'> (0x0000000088fcae58) 
thrown [s\open\src\hotspot\share\interpreter\linkResolver.cpp, line 759]
Event: 1.229 Thread 0x000001d4e88eef30 Implicit null exception at 0x000001d4f7d2190f to 0x000001d4f7d21b68
Event: 1.236 Thread 0x000001d4e88eef30 Exception <a 'java/lang/NoSuchMethodError'{0x0000000088eba808}: 'int java.lang.invoke.Invokers$Holder.invokeExact_MT(java.lang.Object, java.lang.Object)'> (0x0000000088eba808) 
thrown [s\open\src\hotspot\share\interpreter\linkResolver.cpp, line 759]

VM Operations (18 events):
Event: 0.122 Executing VM operation: HandshakeAllThreads
Event: 0.122 Executing VM operation: HandshakeAllThreads done
Event: 0.267 Executing VM operation: HandshakeAllThreads
Event: 0.267 Executing VM operation: HandshakeAllThreads done
Event: 0.466 Executing VM operation: HandshakeAllThreads
Event: 0.466 Executing VM operation: HandshakeAllThreads done
Event: 0.622 Executing VM operation: G1CollectForAllocation
Event: 0.630 Executing VM operation: G1CollectForAllocation done
Event: 0.710 Executing VM operation: HandshakeAllThreads
Event: 0.710 Executing VM operation: HandshakeAllThreads done
Event: 0.932 Executing VM operation: HandshakeAllThreads
Event: 0.932 Executing VM operation: HandshakeAllThreads done
Event: 0.975 Executing VM operation: G1CollectForAllocation
Event: 0.979 Executing VM operation: G1CollectForAllocation done
Event: 1.267 Executing VM operation: HandshakeAllThreads
Event: 1.267 Executing VM operation: HandshakeAllThreads done
Event: 1.285 Executing VM operation: HandshakeAllThreads
Event: 1.285 Executing VM operation: HandshakeAllThreads done

Events (20 events):
Event: 0.048 Thread 0x000001d4862a2b40 Thread added: 0x000001d4862a2b40
Event: 0.048 Thread 0x000001d4862a33f0 Thread added: 0x000001d4862a33f0
Event: 0.048 Thread 0x000001d4862a3fd0 Thread added: 0x000001d4862a3fd0
Event: 0.048 Thread 0x000001d4862a6aa0 Thread added: 0x000001d4862a6aa0
Event: 0.049 Thread 0x000001d4862f1c50 Thread added: 0x000001d4862f1c50
Event: 0.112 Thread 0x000001d48a5b6380 Thread added: 0x000001d48a5b6380
Event: 0.152 Loaded shared library C:\Program Files\Java\jdk-18.0.2.1\bin\zip.dll
Event: 0.155 Loaded shared library C:\Program Files\Java\jdk-18.0.2.1\bin\instrument.dll
Event: 0.161 Loaded shared library C:\Program Files\Java\jdk-18.0.2.1\bin\net.dll
Event: 0.164 Loaded shared library C:\Program Files\Java\jdk-18.0.2.1\bin\nio.dll
Event: 0.167 Loaded shared library C:\Program Files\Java\jdk-18.0.2.1\bin\zip.dll
Event: 0.205 Thread 0x000001d48a729e10 Thread added: 0x000001d48a729e10
Event: 0.264 Loaded shared library C:\Program Files\JetBrains\IntelliJ IDEA Community Edition 2022.3.3\bin\breakgen64.dll
Event: 0.264 Thread 0x000001d48a87c910 Thread added: 0x000001d48a87c910
Event: 0.264 Thread 0x000001d48a87cdd0 Thread added: 0x000001d48a87cdd0
Event: 0.298 Loaded shared library C:\Program Files\Java\jdk-18.0.2.1\bin\verify.dll
Event: 0.305 Loaded shared library C:\Program Files\Java\jdk-18.0.2.1\bin\jimage.dll
Event: 1.019 Loaded shared library C:\Program Files\Java\jdk-18.0.2.1\bin\management.dll
Event: 1.022 Loaded shared library C:\Program Files\Java\jdk-18.0.2.1\bin\management_ext.dll
Event: 1.112 Thread 0x000001d48b5fb1e0 Thread added: 0x000001d48b5fb1e0


Dynamic libraries:
0x00007ff6d0670000 - 0x00007ff6d0680000 	C:\Program Files\Java\jdk-18.0.2.1\bin\java.exe
0x00007ff8f2520000 - 0x00007ff8f2710000 	C:\Windows\SYSTEM32\ntdll.dll
0x00007ff8f0a00000 - 0x00007ff8f0ab2000 	C:\Windows\System32\KERNEL32.DLL
0x00007ff8ef560000 - 0x00007ff8ef805000 	C:\Windows\System32\KERNELBASE.dll
0x00007ff8ef9d0000 - 0x00007ff8efaca000 	C:\Windows\System32\ucrtbase.dll
0x00007ff8ddcd0000 - 0x00007ff8ddce8000 	C:\Program Files\Java\jdk-18.0.2.1\bin\jli.dll
0x00007ff8f1cf0000 - 0x00007ff8f1d93000 	C:\Windows\System32\ADVAPI32.dll
0x00007ff8f14b0000 - 0x00007ff8f154e000 	C:\Windows\System32\msvcrt.dll
0x00007ff8f1ed0000 - 0x00007ff8f1f67000 	C:\Windows\System32\sechost.dll
0x00007ff8f1db0000 - 0x00007ff8f1ecf000 	C:\Windows\System32\RPCRT4.dll
0x00007ff8f05d0000 - 0x00007ff8f0764000 	C:\Windows\System32\USER32.dll
0x00007ff8ef8f0000 - 0x00007ff8ef911000 	C:\Windows\System32\win32u.dll
0x00007ff8f2170000 - 0x00007ff8f2196000 	C:\Windows\System32\GDI32.dll
0x00007ff8efb30000 - 0x00007ff8efcc8000 	C:\Windows\System32\gdi32full.dll
0x00007ff8ee1c0000 - 0x00007ff8ee444000 	C:\Windows\WinSxS\amd64_microsoft.windows.common-controls_6595b64144ccf1df_6.0.18362.1556_none_9e7e372fe45e41d5\COMCTL32.dll
0x00007ff8ef4c0000 - 0x00007ff8ef55e000 	C:\Windows\System32\msvcp_win.dll
0x00007ff8f21a0000 - 0x00007ff8f24d6000 	C:\Windows\System32\combase.dll
0x00007ff8ef860000 - 0x00007ff8ef8e1000 	C:\Windows\System32\bcryptPrimitives.dll
0x00007ff8e8170000 - 0x00007ff8e817a000 	C:\Windows\SYSTEM32\VERSION.dll
0x00007ff8ddcb0000 - 0x00007ff8ddcca000 	C:\Program Files\Java\jdk-18.0.2.1\bin\VCRUNTIME140.dll
0x00007ff8f1690000 - 0x00007ff8f16be000 	C:\Windows\System32\IMM32.DLL
0x00007ff8d9270000 - 0x00007ff8d927c000 	C:\Program Files\Java\jdk-18.0.2.1\bin\vcruntime140_1.dll
0x00007ff8c1820000 - 0x00007ff8c18ad000 	C:\Program Files\Java\jdk-18.0.2.1\bin\msvcp140.dll
0x00007ff889790000 - 0x00007ff88a3a1000 	C:\Program Files\Java\jdk-18.0.2.1\bin\server\jvm.dll
0x00007ff8f1da0000 - 0x00007ff8f1da8000 	C:\Windows\System32\PSAPI.DLL
0x00007ff8d6ee0000 - 0x00007ff8d6ee9000 	C:\Windows\SYSTEM32\WSOCK32.dll
0x00007ff8f1c80000 - 0x00007ff8f1cef000 	C:\Windows\System32\WS2_32.dll
0x00007ff8ec0b0000 - 0x00007ff8ec0d4000 	C:\Windows\SYSTEM32\WINMM.dll
0x00007ff8ebea0000 - 0x00007ff8ebecd000 	C:\Windows\SYSTEM32\WINMMBASE.dll
0x00007ff8ef810000 - 0x00007ff8ef85a000 	C:\Windows\System32\cfgmgr32.dll
0x00007ff8ef400000 - 0x00007ff8ef411000 	C:\Windows\System32\kernel.appcore.dll
0x00007ff8d9260000 - 0x00007ff8d926a000 	C:\Program Files\Java\jdk-18.0.2.1\bin\jimage.dll
0x00007ff8eeb60000 - 0x00007ff8eed54000 	C:\Windows\SYSTEM32\DBGHELP.DLL
0x00007ff8ee450000 - 0x00007ff8ee47a000 	C:\Windows\SYSTEM32\dbgcore.DLL
0x00007ff8d7830000 - 0x00007ff8d783e000 	C:\Program Files\Java\jdk-18.0.2.1\bin\instrument.dll
0x00007ff8c7640000 - 0x00007ff8c7665000 	C:\Program Files\Java\jdk-18.0.2.1\bin\java.dll
0x00007ff8a6b30000 - 0x00007ff8a6c06000 	C:\Program Files\Java\jdk-18.0.2.1\bin\jsvml.dll
0x00007ff8f0b40000 - 0x00007ff8f1227000 	C:\Windows\System32\SHELL32.dll
0x00007ff8f0950000 - 0x00007ff8f09f8000 	C:\Windows\System32\shcore.dll
0x00007ff8efe50000 - 0x00007ff8f05cb000 	C:\Windows\System32\windows.storage.dll
0x00007ff8ef470000 - 0x00007ff8ef48e000 	C:\Windows\System32\profapi.dll
0x00007ff8ef420000 - 0x00007ff8ef46a000 	C:\Windows\System32\powrprof.dll
0x00007ff8ef3d0000 - 0x00007ff8ef3e0000 	C:\Windows\System32\UMPDC.dll
0x00007ff8f1f70000 - 0x00007ff8f1fc2000 	C:\Windows\System32\shlwapi.dll
0x00007ff8efe30000 - 0x00007ff8efe47000 	C:\Windows\System32\cryptsp.dll
0x00007ff8c6c30000 - 0x00007ff8c6c48000 	C:\Program Files\Java\jdk-18.0.2.1\bin\zip.dll
0x00007ff8c6890000 - 0x00007ff8c68a3000 	C:\Program Files\Java\jdk-18.0.2.1\bin\net.dll
0x00007ff8df080000 - 0x00007ff8df17a000 	C:\Windows\SYSTEM32\WINHTTP.dll
0x00007ff8ee870000 - 0x00007ff8ee8d7000 	C:\Windows\system32\mswsock.dll
0x00007ff8c5150000 - 0x00007ff8c5166000 	C:\Program Files\Java\jdk-18.0.2.1\bin\nio.dll
0x00007ff8c5010000 - 0x00007ff8c502a000 	C:\Program Files\JetBrains\IntelliJ IDEA Community Edition 2022.3.3\bin\breakgen64.dll
0x00007ff8cfff0000 - 0x00007ff8d0000000 	C:\Program Files\Java\jdk-18.0.2.1\bin\verify.dll
0x00007ff8c7630000 - 0x00007ff8c7639000 	C:\Program Files\Java\jdk-18.0.2.1\bin\management.dll
0x00007ff8c73e0000 - 0x00007ff8c73eb000 	C:\Program Files\Java\jdk-18.0.2.1\bin\management_ext.dll
0x00007ff8cf8f0000 - 0x00007ff8cf906000 	C:\Windows\system32\napinsp.dll
0x00007ff8cf8d0000 - 0x00007ff8cf8ea000 	C:\Windows\system32\pnrpnsp.dll
0x00007ff8ee5c0000 - 0x00007ff8ee68b000 	C:\Windows\SYSTEM32\DNSAPI.dll
0x00007ff8f15d0000 - 0x00007ff8f15d8000 	C:\Windows\System32\NSI.dll
0x00007ff8ee580000 - 0x00007ff8ee5ba000 	C:\Windows\SYSTEM32\IPHLPAPI.DLL
0x00007ff8cf780000 - 0x00007ff8cf78e000 	C:\Windows\System32\winrnr.dll
0x00007ff8eaed0000 - 0x00007ff8eaeec000 	C:\Windows\system32\NLAapi.dll
0x00007ff8cf760000 - 0x00007ff8cf775000 	C:\Windows\system32\wshbth.dll
0x00007ff8ddc30000 - 0x00007ff8ddc3a000 	C:\Windows\System32\rasadhlp.dll
0x00007ff8e03a0000 - 0x00007ff8e0417000 	C:\Windows\System32\fwpuclnt.dll
0x00007ff8ef490000 - 0x00007ff8ef4b6000 	C:\Windows\System32\bcrypt.dll

dbghelp: loaded successfully - version: 4.0.5 - missing functions: none
symbol engine: initialized successfully - sym options: 0x614 - pdb path: .;C:\Program Files\Java\jdk-18.0.2.1\bin;C:\Windows\SYSTEM32;C:\Windows\WinSxS\amd64_microsoft.windows.common-controls_6595b64144ccf1df_6.0.18362.1556_none_9e7e372fe45e41d5;C:\Program Files\Java\jdk-18.0.2.1\bin\server;C:\Program Files\JetBrains\IntelliJ IDEA Community Edition 2022.3.3\bin

VM Arguments:
jvm_args: -javaagent:C:\Program Files\JetBrains\IntelliJ IDEA Community Edition 2022.3.3\lib\idea_rt.jar=60186:C:\Program Files\JetBrains\IntelliJ IDEA Community Edition 2022.3.3\bin -Dfile.encoding=UTF-8 -Dsun.stdout.encoding=UTF-8 -Dsun.stderr.encoding=UTF-8 
java_command: com.example.AppEcommerce.AppEcommerceApplication
java_class_path (initial): F:\Work\AppEcommerce\target\classes;C:\Users\rihab.DESKTOP-BQ1736K\.m2\repository\org\springframework\boot\spring-boot-starter-data-mongodb\2.7.4\spring-boot-starter-data-mongodb-2.7.4.jar;C:\Users\rihab.DESKTOP-BQ1736K\.m2\repository\org\springframework\boot\spring-boot-starter\2.7.4\spring-boot-starter-2.7.4.jar;C:\Users\rihab.DESKTOP-BQ1736K\.m2\repository\org\springframework\boot\spring-boot\2.7.4\spring-boot-2.7.4.jar;C:\Users\rihab.DESKTOP-BQ1736K\.m2\repository\org\springframework\boot\spring-boot-autoconfigure\2.7.4\spring-boot-autoconfigure-2.7.4.jar;C:\Users\rihab.DESKTOP-BQ1736K\.m2\repository\org\springframework\boot\spring-boot-starter-logging\2.7.4\spring-boot-starter-logging-2.7.4.jar;C:\Users\rihab.DESKTOP-BQ1736K\.m2\repository\ch\qos\logback\logback-classic\1.2.11\logback-classic-1.2.11.jar;C:\Users\rihab.DESKTOP-BQ1736K\.m2\repository\ch\qos\logback\logback-core\1.2.11\logback-core-1.2.11.jar;C:\Users\rihab.DESKTOP-BQ1736K\.m2\repository\org\apache\logging\log4j\log4j-to-slf4j\2.17.2\log4j-to-slf4j-2.17.2.jar;C:\Users\rihab.DESKTOP-BQ1736K\.m2\repository\org\apache\logging\log4j\log4j-api\2.17.2\log4j-api-2.17.2.jar;C:\Users\rihab.DESKTOP-BQ1736K\.m2\repository\org\slf4j\jul-to-slf4j\1.7.36\jul-to-slf4j-1.7.36.jar;C:\Users\rihab.DESKTOP-BQ1736K\.m2\repository\jakarta\annotation\jakarta.annotation-api\1.3.5\jakarta.annotation-api-1.3.5.jar;C:\Users\rihab.DESKTOP-BQ1736K\.m2\repository\org\yaml\snakeyaml\1.30\snakeyaml-1.30.jar;C:\Users\rihab.DESKTOP-BQ1736K\.m2\repository\org\mongodb\mongodb-driver-sync\4.6.1\mongodb-driver-sync-4.6.1.jar;C:\Users\rihab.DESKTOP-BQ1736K\.m2\repository\org\mongodb\bson\4.6.1\bson-4.6.1.jar;C:\Users\rihab.DESKTOP-BQ1736K\.m2\repository\org\mongodb\mongodb-driver-core\4.6.1\mongodb-driver-core-4.6.1.jar;C:\Users\rihab.DESKTOP-BQ1736K\.m2\repository\org\mongodb\bson-record-codec\4.6.1\bson-record-codec-4.6.1.jar;C:\Users\rihab.DESKTOP-BQ1736K\.m2\repository\org\springframework\data\spring-data-mongodb\3.4.3\spring-data-mongodb-3.4.3.jar;C:\Users\rihab.DESKTOP-BQ1736K\.m2\repository\org\springframework\spring-tx\5.3.23\spring-tx-5.3.23.jar;C:\Users\rihab.DESKTOP-BQ1736K\.m2\repository\org\springframework\data\spring-data-commons\2.7.3\spring-data-commons-2.7.3.jar;C:\Users\rihab.DESKTOP-BQ1736K\.m2\repository\org\slf4j\slf4j-api\1.7.36\slf4j-api-1.7.36.jar;C:\Users\rihab.DESKTOP-BQ1736K\.m2\repository\org\springframework\boot\spring-boot-starter-security\2.7.4\spring-boot-starter-security-2.7.4.jar;C:\Users\rihab.DESKTOP-BQ1736K\.m2\repository\org\springframework\spring-aop\5.3.23\spring-aop-5.3.23.jar;C:\Users\rihab.DESKTOP-BQ1736K\.m2\repository\org\springframework\security\spring-security-config\5.7.3\spring-security-config-5.7.3.jar;C:\Users\rihab.DESKTOP-BQ1736K\.m2\repository\org\springframework\security\spring-security-web\5.7.3\spring-security-web-5.7.3.jar;C:\Users\rihab.DESKTOP-BQ1736K\.m2\repository\org\springframework\boot\spring-boot-starter-web\2.7.4\spring-boot-starter-web-2.7.4.jar;C:\Users\rihab.DESKTOP-BQ1736K\.m2\repository\org\springframework\boot\spring-boot-starter-json\2.7.4\spring-boot-starter-json-2.7.4.jar;C:\Users\rihab.DESKTOP-BQ1736K\.m2\repository\com\fasterxml\jackson\datatype\jackson-datatype-jdk8\2.13.4\jackson-datatype-jdk8-2.13.4.jar;C:\Users\rihab.DESKTOP-BQ1736K\.m2\repository\com\fasterxml\jackson\datatype\jackson-datatype-jsr310\2.13.4\jackson-datatype-jsr310-2.13.4.jar;C:\Users\rihab.DESKTOP-BQ1736K\.m2\repository\com\fasterxml\jackson\module\jackson-module-parameter-names\2.13.4\jackson-module-parameter-names-2.13.4.jar;C:\Users\rihab.DESKTOP-BQ1736K\.m2\repository\org\springframework\boot\spring-boot-starter-tomcat\2.7.4\spring-boot-starter-tomcat-2.7.4.jar;C:\Users\rihab.DESKTOP-BQ1736K\.m2\repository\org\apache\tomcat\embed\tomcat-embed-core\9.0.65\tomcat-embed-core-9.0.65.jar;C:\Users\rihab.DESKTOP-BQ1736K\.m2\repository\org\apache\tomcat\embed\tomcat-embed-el\9.0.65\tomcat-embed-el-9.0.65.jar;C:\Users\rihab.DESKTOP-BQ1736K\.m2\repository\org\apache\tomcat\embed\tomcat-embed-websocket\9.0.65\tomcat-embed-websocket-9.0.65.jar;C:\Users\rihab.DESKTOP-BQ1736K\.m2\repository\org\springframework\spring-web\5.3.23\spring-web-5.3.23.jar;C:\Users\rihab.DESKTOP-BQ1736K\.m2\repository\org\springframework\spring-webmvc\5.3.23\spring-webmvc-5.3.23.jar;C:\Users\rihab.DESKTOP-BQ1736K\.m2\repository\io\jsonwebtoken\jjwt\0.9.1\jjwt-0.9.1.jar;C:\Users\rihab.DESKTOP-BQ1736K\.m2\repository\com\fasterxml\jackson\core\jackson-databind\2.13.4\jackson-databind-2.13.4.jar;C:\Users\rihab.DESKTOP-BQ1736K\.m2\repository\com\fasterxml\jackson\core\jackson-annotations\2.13.4\jackson-annotations-2.13.4.jar;C:\Users\rihab.DESKTOP-BQ1736K\.m2\repository\com\fasterxml\jackson\core\jackson-core\2.13.4\jackson-core-2.13.4.jar;C:\Users\rihab.DESKTOP-BQ1736K\.m2\repository\org\projectlombok\lombok\1.18.24\lombok-1.18.24.jar;C:\Users\rihab.DESKTOP-BQ1736K\.m2\repository\org\springframework\spring-core\5.3.23\spring-core-5.3.23.jar;C:\Users\rihab.DESKTOP-BQ1736K\.m2\repository\org\springframework\spring-jcl\5.3.23\spring-jcl-5.3.23.jar;C:\Users\rihab.DESKTOP-BQ1736K\.m2\repository\org\hibernate\validator\hibernate-validator\6.2.5.Final\hibernate-validator-6.2.5.Final.jar;C:\Users\rihab.DESKTOP-BQ1736K\.m2\repository\jakarta\validation\jakarta.validation-api\2.0.2\jakarta.validation-api-2.0.2.jar;C:\Users\rihab.DESKTOP-BQ1736K\.m2\repository\org\jboss\logging\jboss-logging\3.4.3.Final\jboss-logging-3.4.3.Final.jar;C:\Users\rihab.DESKTOP-BQ1736K\.m2\repository\com\fasterxml\classmate\1.5.1\classmate-1.5.1.jar;C:\Users\rihab.DESKTOP-BQ1736K\.m2\repository\jakarta\persistence\jakarta.persistence-api\2.2.3\jakarta.persistence-api-2.2.3.jar;C:\Users\rihab.DESKTOP-BQ1736K\.m2\repository\org\springframework\security\spring-security-core\6.0.2\spring-security-core-6.0.2.jar;C:\Users\rihab.DESKTOP-BQ1736K\.m2\repository\org\springframework\security\spring-security-crypto\5.7.3\spring-security-crypto-5.7.3.jar;C:\Users\rihab.DESKTOP-BQ1736K\.m2\repository\org\springframework\spring-beans\5.3.23\spring-beans-5.3.23.jar;C:\Users\rihab.DESKTOP-BQ1736K\.m2\repository\org\springframework\spring-context\5.3.23\spring-context-5.3.23.jar;C:\Users\rihab.DESKTOP-BQ1736K\.m2\repository\org\springframework\spring-expression\5.3.23\spring-expression-5.3.23.jar;C:\Users\rihab.DESKTOP-BQ1736K\.m2\repository\io\micrometer\micrometer-observation\1.10.4\micrometer-observation-1.10.4.jar;C:\Users\rihab.DESKTOP-BQ1736K\.m2\repository\io\micrometer\micrometer-commons\1.10.4\micrometer-commons-1.10.4.jar;C:\Users\rihab.DESKTOP-BQ1736K\.m2\repository\javax\xml\bind\jaxb-api\2.3.1\jaxb-api-2.3.1.jar;C:\Users\rihab.DESKTOP-BQ1736K\.m2\repository\javax\activation\javax.activation-api\1.2.0\javax.activation-api-1.2.0.jar
Launcher Type: SUN_STANDARD

[Global flags]
     intx CICompilerCount                          = 3                                         {product} {ergonomic}
     uint ConcGCThreads                            = 1                                         {product} {ergonomic}
     uint G1ConcRefinementThreads                  = 4                                         {product} {ergonomic}
   size_t G1HeapRegionSize                         = 1048576                                   {product} {ergonomic}
    uintx GCDrainStackTargetSize                   = 64                                        {product} {ergonomic}
   size_t InitialHeapSize                          = 134217728                                 {product} {ergonomic}
   size_t MarkStackSize                            = 4194304                                   {product} {ergonomic}
   size_t MaxHeapSize                              = 2118123520                                {product} {ergonomic}
   size_t MaxNewSize                               = 1270874112                                {product} {ergonomic}
   size_t MinHeapDeltaBytes                        = 1048576                                   {product} {ergonomic}
   size_t MinHeapSize                              = 8388608                                   {product} {ergonomic}
    uintx NonNMethodCodeHeapSize                   = 5832780                                {pd product} {ergonomic}
    uintx NonProfiledCodeHeapSize                  = 122912730                              {pd product} {ergonomic}
    uintx ProfiledCodeHeapSize                     = 122912730                              {pd product} {ergonomic}
    uintx ReservedCodeCacheSize                    = 251658240                              {pd product} {ergonomic}
     bool SegmentedCodeCache                       = true                                      {product} {ergonomic}
   size_t SoftMaxHeapSize                          = 2118123520                             {manageable} {ergonomic}
     bool UseCompressedClassPointers               = true                           {product lp64_product} {ergonomic}
     bool UseCompressedOops                        = true                           {product lp64_product} {ergonomic}
     bool UseG1GC                                  = true                                      {product} {ergonomic}
     bool UseLargePagesIndividualAllocation        = false                                  {pd product} {ergonomic}

Logging:
Log output configuration:
 #0: stdout all=warning uptime,level,tags foldmultilines=false
 #1: stderr all=off uptime,level,tags foldmultilines=false

Environment Variables:
JAVA_HOME=C:\Program Files\Java\jdk-18.0.2.1\bin
PATH=C:\Program Files\Common Files\Oracle\Java\javapath;C:\Windows\system32;C:\Windows;C:\Windows\System32\Wbem;C:\Windows\System32\WindowsPowerShell\v1.0\;C:\Windows\System32\OpenSSH\;C:\Program Files\Java\jre1.8.0_351\bin;C:\Program Files\PuTTY\;C:\xampp\php;C:\Program Files\Git\cmd;C:\Program Files\nodejs\;C:\ProgramData\chocolatey\bin;C:\Program Files\MongoDB\Server\6.0\bin;C:\Users\rihab.DESKTOP-BQ1736K\AppData\Local\Programs\Python\Python38\Scripts\;C:\Users\rihab.DESKTOP-BQ1736K\AppData\Local\Programs\Python\Python38\;C:\Users\rihab.DESKTOP-BQ1736K\AppData\Local\Microsoft\WindowsApps;E:\JetBrains\PyCharm Community Edition 2022.3\bin;;D:\Microsoft VS Code\bin;C:\Users\rihab.DESKTOP-BQ1736K\AppData\Roaming\npm;C:\Users\rihab.DESKTOP-BQ1736K\AppData\Local\Android\Sdk\platform-tools;C:\Program Files\MongoDB\Server\6.0\bin;C:\Users\rihab.DESKTOP-BQ1736K\Desktop\mongosh-1.8.0-win32-x64\bin;;C:\Program Files\JetBrains\IntelliJ IDEA Community Edition 2022.3.3\bin;
USERNAME=rihab
OS=Windows_NT
PROCESSOR_IDENTIFIER=Intel64 Family 6 Model 142 Stepping 9, GenuineIntel



---------------  S Y S T E M  ---------------

OS:
 Windows 10 , 64 bit Build 18362 (10.0.18362.1500)
OS uptime: 2 days 2:49 hours

CPU: total 4 (initial active 4) (2 cores per cpu, 2 threads per core) family 6 model 142 stepping 9 microcode 0xde, cx8, cmov, fxsr, ht, mmx, 3dnowpref, sse, sse2, sse3, ssse3, sse4.1, sse4.2, popcnt, lzcnt, tsc, tscinvbit, avx, avx2, aes, erms, clmul, bmi1, bmi2, adx, fma, vzeroupper, clflush, clflushopt

Memory: 4k page, system-wide physical 8072M (742M free)
TotalPageFile size 10072M (AvailPageFile size 4M)
current process WorkingSet (physical memory assigned to process): 88M, peak: 88M
current process commit charge ("private bytes"): 231M, peak: 231M

vm_info: Java HotSpot(TM) 64-Bit Server VM (18.0.2.1+1-1) for windows-amd64 JRE (18.0.2.1+1-1), built on Aug 16 2022 01:46:33 by "mach5one" with MS VC++ 16.8 / 16.9 (VS2019)

END.
